{"E:\\Front\\react\\class-comp\\src\\App.tsx": {"path":"E:\\Front\\react\\class-comp\\src\\App.tsx","statementMap":{"0":{"start":{"line":11,"column":13},"end":{"line":40,"column":null}},"1":{"start":{"line":12,"column":22},"end":{"line":12,"column":39}},"2":{"start":{"line":14,"column":2},"end":{"line":40,"column":null}}},"fnMap":{"0":{"name":"(anonymous_0)","decl":{"start":{"line":11,"column":13},"end":{"line":11,"column":25}},"loc":{"start":{"line":11,"column":25},"end":{"line":40,"column":null}},"line":11}},"branchMap":{},"s":{"0":1,"1":1,"2":1},"f":{"0":1},"b":{},"meta":{"lastBranch":0,"lastFunction":1,"lastStatement":3,"seen":{"s:11:13:40:Infinity":0,"f:11:13:11:25":0,"s:12:22:12:39":1,"s:14:2:40:Infinity":2}}}
,"E:\\Front\\react\\class-comp\\src\\requests.ts": {"path":"E:\\Front\\react\\class-comp\\src\\requests.ts","statementMap":{"0":{"start":{"line":4,"column":25},"end":{"line":4,"column":null}},"1":{"start":{"line":5,"column":22},"end":{"line":5,"column":null}},"2":{"start":{"line":6,"column":22},"end":{"line":6,"column":null}},"3":{"start":{"line":9,"column":17},"end":{"line":86,"column":null}},"4":{"start":{"line":14,"column":4},"end":{"line":14,"column":null}},"5":{"start":{"line":14,"column":35},"end":{"line":14,"column":60}},"6":{"start":{"line":16,"column":4},"end":{"line":27,"column":null}},"7":{"start":{"line":17,"column":24},"end":{"line":18,"column":null}},"8":{"start":{"line":21,"column":6},"end":{"line":24,"column":null}},"9":{"start":{"line":26,"column":6},"end":{"line":26,"column":null}},"10":{"start":{"line":27,"column":6},"end":{"line":27,"column":null}},"11":{"start":{"line":33,"column":4},"end":{"line":33,"column":null}},"12":{"start":{"line":33,"column":35},"end":{"line":33,"column":59}},"13":{"start":{"line":35,"column":4},"end":{"line":41,"column":null}},"14":{"start":{"line":36,"column":23},"end":{"line":36,"column":70}},"15":{"start":{"line":38,"column":6},"end":{"line":38,"column":null}},"16":{"start":{"line":40,"column":6},"end":{"line":40,"column":null}},"17":{"start":{"line":41,"column":6},"end":{"line":41,"column":null}},"18":{"start":{"line":46,"column":4},"end":{"line":46,"column":null}},"19":{"start":{"line":46,"column":35},"end":{"line":46,"column":60}},"20":{"start":{"line":48,"column":4},"end":{"line":62,"column":null}},"21":{"start":{"line":49,"column":23},"end":{"line":49,"column":54}},"22":{"start":{"line":51,"column":6},"end":{"line":55,"column":null}},"23":{"start":{"line":52,"column":8},"end":{"line":55,"column":null}},"24":{"start":{"line":58,"column":19},"end":{"line":58,"column":40}},"25":{"start":{"line":59,"column":6},"end":{"line":59,"column":null}},"26":{"start":{"line":61,"column":20},"end":{"line":61,"column":null}},"27":{"start":{"line":62,"column":6},"end":{"line":62,"column":null}},"28":{"start":{"line":67,"column":4},"end":{"line":67,"column":null}},"29":{"start":{"line":67,"column":35},"end":{"line":67,"column":60}},"30":{"start":{"line":69,"column":4},"end":{"line":83,"column":null}},"31":{"start":{"line":70,"column":23},"end":{"line":70,"column":54}},"32":{"start":{"line":72,"column":6},"end":{"line":76,"column":null}},"33":{"start":{"line":73,"column":8},"end":{"line":76,"column":null}},"34":{"start":{"line":79,"column":19},"end":{"line":79,"column":40}},"35":{"start":{"line":80,"column":6},"end":{"line":80,"column":null}},"36":{"start":{"line":82,"column":20},"end":{"line":82,"column":null}},"37":{"start":{"line":83,"column":6},"end":{"line":83,"column":null}}},"fnMap":{"0":{"name":"(anonymous_0)","decl":{"start":{"line":10,"column":8},"end":{"line":10,"column":null}},"loc":{"start":{"line":13,"column":36},"end":{"line":27,"column":null}},"line":13},"1":{"name":"(anonymous_1)","decl":{"start":{"line":14,"column":14},"end":{"line":14,"column":23}},"loc":{"start":{"line":14,"column":35},"end":{"line":14,"column":60}},"line":14},"2":{"name":"(anonymous_2)","decl":{"start":{"line":32,"column":8},"end":{"line":32,"column":20}},"loc":{"start":{"line":32,"column":58},"end":{"line":41,"column":null}},"line":32},"3":{"name":"(anonymous_3)","decl":{"start":{"line":33,"column":14},"end":{"line":33,"column":23}},"loc":{"start":{"line":33,"column":35},"end":{"line":33,"column":59}},"line":33},"4":{"name":"(anonymous_4)","decl":{"start":{"line":45,"column":8},"end":{"line":45,"column":23}},"loc":{"start":{"line":45,"column":23},"end":{"line":62,"column":null}},"line":45},"5":{"name":"(anonymous_5)","decl":{"start":{"line":46,"column":14},"end":{"line":46,"column":23}},"loc":{"start":{"line":46,"column":35},"end":{"line":46,"column":60}},"line":46},"6":{"name":"(anonymous_6)","decl":{"start":{"line":66,"column":8},"end":{"line":66,"column":30}},"loc":{"start":{"line":66,"column":30},"end":{"line":83,"column":null}},"line":66},"7":{"name":"(anonymous_7)","decl":{"start":{"line":67,"column":14},"end":{"line":67,"column":23}},"loc":{"start":{"line":67,"column":35},"end":{"line":67,"column":60}},"line":67}},"branchMap":{"0":{"loc":{"start":{"line":51,"column":6},"end":{"line":55,"column":null}},"type":"if","locations":[{"start":{"line":51,"column":6},"end":{"line":55,"column":null}},{"start":{},"end":{}}],"line":51},"1":{"loc":{"start":{"line":72,"column":6},"end":{"line":76,"column":null}},"type":"if","locations":[{"start":{"line":72,"column":6},"end":{"line":76,"column":null}},{"start":{},"end":{}}],"line":72}},"s":{"0":3,"1":3,"2":3,"3":3,"4":6,"5":6,"6":5,"7":5,"8":4,"9":1,"10":1,"11":0,"12":0,"13":0,"14":0,"15":0,"16":0,"17":0,"18":3,"19":3,"20":3,"21":3,"22":2,"23":1,"24":1,"25":1,"26":1,"27":1,"28":3,"29":3,"30":3,"31":3,"32":2,"33":1,"34":1,"35":1,"36":1,"37":1},"f":{"0":6,"1":6,"2":0,"3":0,"4":3,"5":3,"6":3,"7":3},"b":{"0":[1,1],"1":[1,1]},"meta":{"lastBranch":2,"lastFunction":8,"lastStatement":38,"seen":{"s:4:25:4:Infinity":0,"s:5:22:5:Infinity":1,"s:6:22:6:Infinity":2,"s:9:17:86:Infinity":3,"f:10:8:10:Infinity":0,"s:14:4:14:Infinity":4,"f:14:14:14:23":1,"s:14:35:14:60":5,"s:16:4:27:Infinity":6,"s:17:24:18:Infinity":7,"s:21:6:24:Infinity":8,"s:26:6:26:Infinity":9,"s:27:6:27:Infinity":10,"f:32:8:32:20":2,"s:33:4:33:Infinity":11,"f:33:14:33:23":3,"s:33:35:33:59":12,"s:35:4:41:Infinity":13,"s:36:23:36:70":14,"s:38:6:38:Infinity":15,"s:40:6:40:Infinity":16,"s:41:6:41:Infinity":17,"f:45:8:45:23":4,"s:46:4:46:Infinity":18,"f:46:14:46:23":5,"s:46:35:46:60":19,"s:48:4:62:Infinity":20,"s:49:23:49:54":21,"b:51:6:55:Infinity:undefined:undefined:undefined:undefined":0,"s:51:6:55:Infinity":22,"s:52:8:55:Infinity":23,"s:58:19:58:40":24,"s:59:6:59:Infinity":25,"s:61:20:61:Infinity":26,"s:62:6:62:Infinity":27,"f:66:8:66:30":6,"s:67:4:67:Infinity":28,"f:67:14:67:23":7,"s:67:35:67:60":29,"s:69:4:83:Infinity":30,"s:70:23:70:54":31,"b:72:6:76:Infinity:undefined:undefined:undefined:undefined":1,"s:72:6:76:Infinity":32,"s:73:8:76:Infinity":33,"s:79:19:79:40":34,"s:80:6:80:Infinity":35,"s:82:20:82:Infinity":36,"s:83:6:83:Infinity":37}}}
,"E:\\Front\\react\\class-comp\\src\\types.ts": {"path":"E:\\Front\\react\\class-comp\\src\\types.ts","statementMap":{},"fnMap":{},"branchMap":{},"s":{},"f":{},"b":{},"meta":{"lastBranch":0,"lastFunction":0,"lastStatement":0,"seen":{}}}
,"E:\\Front\\react\\class-comp\\src\\_tests_\\test-utils\\dataForTests.tsx": {"path":"E:\\Front\\react\\class-comp\\src\\_tests_\\test-utils\\dataForTests.tsx","statementMap":{"0":{"start":{"line":2,"column":22},"end":{"line":16,"column":null}},"1":{"start":{"line":19,"column":30},"end":{"line":22,"column":null}},"2":{"start":{"line":25,"column":35},"end":{"line":43,"column":null}},"3":{"start":{"line":45,"column":35},"end":{"line":48,"column":null}},"4":{"start":{"line":50,"column":39},"end":{"line":82,"column":null}}},"fnMap":{},"branchMap":{},"s":{"0":4,"1":4,"2":4,"3":4,"4":4},"f":{},"b":{},"meta":{"lastBranch":0,"lastFunction":0,"lastStatement":5,"seen":{"s:2:22:16:Infinity":0,"s:19:30:22:Infinity":1,"s:25:35:43:Infinity":2,"s:45:35:48:Infinity":3,"s:50:39:82:Infinity":4}}}
,"E:\\Front\\react\\class-comp\\src\\_tests_\\test-utils\\imitateError.tsx": {"path":"E:\\Front\\react\\class-comp\\src\\_tests_\\test-utils\\imitateError.tsx","statementMap":{"0":{"start":{"line":8,"column":26},"end":{"line":8,"column":43}},"1":{"start":{"line":11,"column":2},"end":{"line":11,"column":null}},"2":{"start":{"line":13,"column":2},"end":{"line":19,"column":null}},"3":{"start":{"line":21,"column":17},"end":{"line":21,"column":79}},"4":{"start":{"line":23,"column":2},"end":{"line":23,"column":null}},"5":{"start":{"line":24,"column":2},"end":{"line":24,"column":null}},"6":{"start":{"line":24,"column":33},"end":{"line":24,"column":58}},"7":{"start":{"line":26,"column":2},"end":{"line":26,"column":null}}},"fnMap":{"0":{"name":"imitateError","decl":{"start":{"line":7,"column":22},"end":{"line":7,"column":35}},"loc":{"start":{"line":7,"column":69},"end":{"line":26,"column":null}},"line":7},"1":{"name":"(anonymous_1)","decl":{"start":{"line":24,"column":12},"end":{"line":24,"column":21}},"loc":{"start":{"line":24,"column":33},"end":{"line":24,"column":58}},"line":24}},"branchMap":{},"s":{"0":3,"1":3,"2":3,"3":3,"4":3,"5":3,"6":3,"7":3},"f":{"0":3,"1":3},"b":{},"meta":{"lastBranch":0,"lastFunction":2,"lastStatement":8,"seen":{"f:7:22:7:35":0,"s:8:26:8:43":0,"s:11:2:11:Infinity":1,"s:13:2:19:Infinity":2,"s:21:17:21:79":3,"s:23:2:23:Infinity":4,"s:24:2:24:Infinity":5,"f:24:12:24:21":1,"s:24:33:24:58":6,"s:26:2:26:Infinity":7}}}
,"E:\\Front\\react\\class-comp\\src\\_tests_\\test-utils\\renderSearch.tsx": {"path":"E:\\Front\\react\\class-comp\\src\\_tests_\\test-utils\\renderSearch.tsx","statementMap":{"0":{"start":{"line":8,"column":2},"end":{"line":12,"column":null}},"1":{"start":{"line":14,"column":22},"end":{"line":14,"column":29}},"2":{"start":{"line":16,"column":2},"end":{"line":20,"column":null}},"3":{"start":{"line":22,"column":2},"end":{"line":22,"column":null}}},"fnMap":{"0":{"name":"renderSearch","decl":{"start":{"line":6,"column":16},"end":{"line":6,"column":31}},"loc":{"start":{"line":6,"column":31},"end":{"line":22,"column":null}},"line":6}},"branchMap":{},"s":{"0":4,"1":4,"2":4,"3":4},"f":{"0":4},"b":{},"meta":{"lastBranch":0,"lastFunction":1,"lastStatement":4,"seen":{"f:6:16:6:31":0,"s:8:2:12:Infinity":0,"s:14:22:14:29":1,"s:16:2:20:Infinity":2,"s:22:2:22:Infinity":3}}}
,"E:\\Front\\react\\class-comp\\src\\_tests_\\test-utils\\testError404.tsx": {"path":"E:\\Front\\react\\class-comp\\src\\_tests_\\test-utils\\testError404.tsx","statementMap":{"0":{"start":{"line":7,"column":2},"end":{"line":10,"column":null}},"1":{"start":{"line":12,"column":17},"end":{"line":12,"column":49}},"2":{"start":{"line":14,"column":2},"end":{"line":17,"column":null}}},"fnMap":{"0":{"name":"testError404","decl":{"start":{"line":3,"column":22},"end":{"line":3,"column":null}},"loc":{"start":{"line":6,"column":2},"end":{"line":17,"column":null}},"line":6}},"branchMap":{},"s":{"0":2,"1":2,"2":2},"f":{"0":2},"b":{},"meta":{"lastBranch":0,"lastFunction":1,"lastStatement":3,"seen":{"f:3:22:3:Infinity":0,"s:7:2:10:Infinity":0,"s:12:17:12:49":1,"s:14:2:17:Infinity":2}}}
,"E:\\Front\\react\\class-comp\\src\\_tests_\\test-utils\\testGetAllPeople.tsx": {"path":"E:\\Front\\react\\class-comp\\src\\_tests_\\test-utils\\testGetAllPeople.tsx","statementMap":{"0":{"start":{"line":9,"column":2},"end":{"line":14,"column":null}},"1":{"start":{"line":16,"column":17},"end":{"line":16,"column":60}},"2":{"start":{"line":18,"column":2},"end":{"line":18,"column":null}}},"fnMap":{"0":{"name":"testGetAllPeople","decl":{"start":{"line":5,"column":22},"end":{"line":5,"column":null}},"loc":{"start":{"line":8,"column":2},"end":{"line":18,"column":null}},"line":8}},"branchMap":{},"s":{"0":3,"1":3,"2":3},"f":{"0":3},"b":{},"meta":{"lastBranch":0,"lastFunction":1,"lastStatement":3,"seen":{"f:5:22:5:Infinity":0,"s:9:2:14:Infinity":0,"s:16:17:16:60":1,"s:18:2:18:Infinity":2}}}
,"E:\\Front\\react\\class-comp\\src\\_tests_\\test-utils\\testSuccessResponse.tsx": {"path":"E:\\Front\\react\\class-comp\\src\\_tests_\\test-utils\\testSuccessResponse.tsx","statementMap":{"0":{"start":{"line":7,"column":2},"end":{"line":11,"column":null}},"1":{"start":{"line":10,"column":23},"end":{"line":10,"column":46}},"2":{"start":{"line":13,"column":17},"end":{"line":13,"column":49}},"3":{"start":{"line":15,"column":2},"end":{"line":15,"column":null}}},"fnMap":{"0":{"name":"testSuccessResponse","decl":{"start":{"line":3,"column":22},"end":{"line":3,"column":null}},"loc":{"start":{"line":6,"column":2},"end":{"line":15,"column":null}},"line":6},"1":{"name":"(anonymous_1)","decl":{"start":{"line":10,"column":10},"end":{"line":10,"column":23}},"loc":{"start":{"line":10,"column":23},"end":{"line":10,"column":46}},"line":10}},"branchMap":{},"s":{"0":2,"1":2,"2":2,"3":2},"f":{"0":2,"1":2},"b":{},"meta":{"lastBranch":0,"lastFunction":2,"lastStatement":4,"seen":{"f:3:22:3:Infinity":0,"s:7:2:11:Infinity":0,"f:10:10:10:23":1,"s:10:23:10:46":1,"s:13:17:13:49":2,"s:15:2:15:Infinity":3}}}
,"E:\\Front\\react\\class-comp\\src\\_tests_\\test-utils\\tetsErrorNetwork.tsx": {"path":"E:\\Front\\react\\class-comp\\src\\_tests_\\test-utils\\tetsErrorNetwork.tsx","statementMap":{"0":{"start":{"line":7,"column":2},"end":{"line":7,"column":null}},"1":{"start":{"line":9,"column":17},"end":{"line":9,"column":49}},"2":{"start":{"line":11,"column":2},"end":{"line":11,"column":null}},"3":{"start":{"line":12,"column":2},"end":{"line":12,"column":null}}},"fnMap":{"0":{"name":"tetsErrorNetwork","decl":{"start":{"line":3,"column":22},"end":{"line":3,"column":null}},"loc":{"start":{"line":6,"column":2},"end":{"line":12,"column":null}},"line":6}},"branchMap":{},"s":{"0":2,"1":2,"2":2,"3":2},"f":{"0":2},"b":{},"meta":{"lastBranch":0,"lastFunction":1,"lastStatement":4,"seen":{"f:3:22:3:Infinity":0,"s:7:2:7:Infinity":0,"s:9:17:9:49":1,"s:11:2:11:Infinity":2,"s:12:2:12:Infinity":3}}}
,"E:\\Front\\react\\class-comp\\src\\components\\error\\errorBoundary.tsx": {"path":"E:\\Front\\react\\class-comp\\src\\components\\error\\errorBoundary.tsx","statementMap":{"0":{"start":{"line":9,"column":4},"end":{"line":9,"column":null}},"1":{"start":{"line":10,"column":4},"end":{"line":10,"column":null}},"2":{"start":{"line":14,"column":4},"end":{"line":14,"column":null}},"3":{"start":{"line":18,"column":4},"end":{"line":26,"column":null}},"4":{"start":{"line":19,"column":6},"end":{"line":23,"column":null}},"5":{"start":{"line":26,"column":6},"end":{"line":26,"column":null}}},"fnMap":{"0":{"name":"(anonymous_0)","decl":{"start":{"line":8,"column":2},"end":{"line":8,"column":14}},"loc":{"start":{"line":8,"column":33},"end":{"line":10,"column":null}},"line":8},"1":{"name":"(anonymous_1)","decl":{"start":{"line":13,"column":9},"end":{"line":13,"column":56}},"loc":{"start":{"line":13,"column":56},"end":{"line":14,"column":null}},"line":13},"2":{"name":"(anonymous_2)","decl":{"start":{"line":17,"column":2},"end":{"line":17,"column":22}},"loc":{"start":{"line":17,"column":22},"end":{"line":26,"column":null}},"line":17}},"branchMap":{"0":{"loc":{"start":{"line":18,"column":4},"end":{"line":26,"column":null}},"type":"if","locations":[{"start":{"line":18,"column":4},"end":{"line":26,"column":null}},{"start":{"line":25,"column":11},"end":{"line":26,"column":null}}],"line":18}},"s":{"0":14,"1":14,"2":4,"3":55,"4":4,"5":51},"f":{"0":14,"1":5,"2":55},"b":{"0":[4,51]},"meta":{"lastBranch":1,"lastFunction":3,"lastStatement":6,"seen":{"f:8:2:8:14":0,"s:9:4:9:Infinity":0,"s:10:4:10:Infinity":1,"f:13:9:13:56":1,"s:14:4:14:Infinity":2,"f:17:2:17:22":2,"b:18:4:26:Infinity:25:11:26:Infinity":0,"s:18:4:26:Infinity":3,"s:19:6:23:Infinity":4,"s:26:6:26:Infinity":5}}}
,"E:\\Front\\react\\class-comp\\src\\components\\error\\errorBtn.tsx": {"path":"E:\\Front\\react\\class-comp\\src\\components\\error\\errorBtn.tsx","statementMap":{"0":{"start":{"line":20,"column":13},"end":{"line":30,"column":null}},"1":{"start":{"line":25,"column":2},"end":{"line":30,"column":null}},"2":{"start":{"line":27,"column":25},"end":{"line":27,"column":43}}},"fnMap":{"0":{"name":"(anonymous_0)","decl":{"start":{"line":20,"column":13},"end":{"line":20,"column":25}},"loc":{"start":{"line":24,"column":21},"end":{"line":30,"column":null}},"line":24},"1":{"name":"(anonymous_1)","decl":{"start":{"line":27,"column":6},"end":{"line":27,"column":25}},"loc":{"start":{"line":27,"column":25},"end":{"line":27,"column":43}},"line":27}},"branchMap":{},"s":{"0":5,"1":236,"2":4},"f":{"0":236,"1":4},"b":{},"meta":{"lastBranch":0,"lastFunction":2,"lastStatement":3,"seen":{"s:20:13:30:Infinity":0,"f:20:13:20:25":0,"s:25:2:30:Infinity":1,"f:27:6:27:25":1,"s:27:25:27:43":2}}}
,"E:\\Front\\react\\class-comp\\src\\components\\error\\errorBtnBlock.tsx": {"path":"E:\\Front\\react\\class-comp\\src\\components\\error\\errorBtnBlock.tsx","statementMap":{"0":{"start":{"line":6,"column":13},"end":{"line":58,"column":null}},"1":{"start":{"line":17,"column":4},"end":{"line":17,"column":null}},"2":{"start":{"line":17,"column":35},"end":{"line":17,"column":60}},"3":{"start":{"line":18,"column":4},"end":{"line":18,"column":null}},"4":{"start":{"line":21,"column":4},"end":{"line":21,"column":null}},"5":{"start":{"line":25,"column":4},"end":{"line":25,"column":null}},"6":{"start":{"line":26,"column":21},"end":{"line":26,"column":50}},"7":{"start":{"line":28,"column":4},"end":{"line":30,"column":null}},"8":{"start":{"line":29,"column":6},"end":{"line":29,"column":null}},"9":{"start":{"line":30,"column":6},"end":{"line":30,"column":null}},"10":{"start":{"line":35,"column":25},"end":{"line":35,"column":61}},"11":{"start":{"line":37,"column":4},"end":{"line":37,"column":null}},"12":{"start":{"line":39,"column":4},"end":{"line":39,"column":null}},"13":{"start":{"line":42,"column":2},"end":{"line":58,"column":null}}},"fnMap":{"0":{"name":"(anonymous_0)","decl":{"start":{"line":6,"column":13},"end":{"line":6,"column":27}},"loc":{"start":{"line":14,"column":6},"end":{"line":58,"column":null}},"line":14},"1":{"name":"imitateErrorRender","decl":{"start":{"line":16,"column":17},"end":{"line":16,"column":38}},"loc":{"start":{"line":16,"column":38},"end":{"line":21,"column":null}},"line":16},"2":{"name":"(anonymous_2)","decl":{"start":{"line":17,"column":14},"end":{"line":17,"column":23}},"loc":{"start":{"line":17,"column":35},"end":{"line":17,"column":60}},"line":17},"3":{"name":"fetchError4xx","decl":{"start":{"line":24,"column":17},"end":{"line":24,"column":33}},"loc":{"start":{"line":24,"column":33},"end":{"line":30,"column":null}},"line":24},"4":{"name":"fetchErrorNetwork","decl":{"start":{"line":34,"column":17},"end":{"line":34,"column":37}},"loc":{"start":{"line":34,"column":37},"end":{"line":39,"column":null}},"line":34}},"branchMap":{"0":{"loc":{"start":{"line":28,"column":4},"end":{"line":30,"column":null}},"type":"if","locations":[{"start":{"line":28,"column":4},"end":{"line":30,"column":null}},{"start":{},"end":{}}],"line":28}},"s":{"0":4,"1":1,"2":1,"3":1,"4":1,"5":1,"6":1,"7":1,"8":1,"9":1,"10":1,"11":1,"12":1,"13":78},"f":{"0":78,"1":1,"2":1,"3":1,"4":1},"b":{"0":[1,0]},"meta":{"lastBranch":1,"lastFunction":5,"lastStatement":14,"seen":{"s:6:13:58:Infinity":0,"f:6:13:6:27":0,"f:16:17:16:38":1,"s:17:4:17:Infinity":1,"f:17:14:17:23":2,"s:17:35:17:60":2,"s:18:4:18:Infinity":3,"s:21:4:21:Infinity":4,"f:24:17:24:33":3,"s:25:4:25:Infinity":5,"s:26:21:26:50":6,"b:28:4:30:Infinity:undefined:undefined:undefined:undefined":0,"s:28:4:30:Infinity":7,"s:29:6:29:Infinity":8,"s:30:6:30:Infinity":9,"f:34:17:34:37":4,"s:35:25:35:61":10,"s:37:4:37:Infinity":11,"s:39:4:39:Infinity":12,"s:42:2:58:Infinity":13}}}
,"E:\\Front\\react\\class-comp\\src\\components\\error\\errorResponse.tsx": {"path":"E:\\Front\\react\\class-comp\\src\\components\\error\\errorResponse.tsx","statementMap":{"0":{"start":{"line":1,"column":13},"end":{"line":2,"column":null}},"1":{"start":{"line":2,"column":2},"end":{"line":2,"column":null}}},"fnMap":{"0":{"name":"(anonymous_0)","decl":{"start":{"line":1,"column":13},"end":{"line":1,"column":35}},"loc":{"start":{"line":1,"column":35},"end":{"line":2,"column":null}},"line":1}},"branchMap":{},"s":{"0":4,"1":0},"f":{"0":0},"b":{},"meta":{"lastBranch":0,"lastFunction":1,"lastStatement":2,"seen":{"s:1:13:2:Infinity":0,"f:1:13:1:35":0,"s:2:2:2:Infinity":1}}}
,"E:\\Front\\react\\class-comp\\src\\components\\formControlled\\formControlled.tsx": {"path":"E:\\Front\\react\\class-comp\\src\\components\\formControlled\\formControlled.tsx","statementMap":{"0":{"start":{"line":29,"column":13},"end":{"line":268,"column":null}},"1":{"start":{"line":37,"column":23},"end":{"line":37,"column":66}},"2":{"start":{"line":38,"column":22},"end":{"line":38,"column":64}},"3":{"start":{"line":41,"column":8},"end":{"line":41,"column":58}},"4":{"start":{"line":41,"column":42},"end":{"line":41,"column":58}},"5":{"start":{"line":44,"column":8},"end":{"line":44,"column":45}},"6":{"start":{"line":51,"column":25},"end":{"line":58,"column":4}},"7":{"start":{"line":62,"column":26},"end":{"line":62,"column":null}},"8":{"start":{"line":64,"column":48},"end":{"line":65,"column":34}},"9":{"start":{"line":68,"column":8},"end":{"line":68,"column":52}},"10":{"start":{"line":68,"column":38},"end":{"line":68,"column":52}},"11":{"start":{"line":72,"column":22},"end":{"line":72,"column":55}},"12":{"start":{"line":74,"column":19},"end":{"line":74,"column":29}},"13":{"start":{"line":76,"column":4},"end":{"line":85,"column":null}},"14":{"start":{"line":87,"column":4},"end":{"line":87,"column":null}},"15":{"start":{"line":88,"column":4},"end":{"line":88,"column":null}},"16":{"start":{"line":91,"column":2},"end":{"line":268,"column":null}},"17":{"start":{"line":187,"column":31},"end":{"line":187,"column":null}},"18":{"start":{"line":192,"column":31},"end":{"line":192,"column":null}},"19":{"start":{"line":230,"column":31},"end":{"line":230,"column":null}},"20":{"start":{"line":235,"column":31},"end":{"line":235,"column":null}},"21":{"start":{"line":252,"column":12},"end":{"line":252,"column":null}}},"fnMap":{"0":{"name":"(anonymous_0)","decl":{"start":{"line":29,"column":13},"end":{"line":29,"column":31}},"loc":{"start":{"line":35,"column":6},"end":{"line":268,"column":null}},"line":35},"1":{"name":"(anonymous_1)","decl":{"start":{"line":41,"column":22},"end":{"line":41,"column":32}},"loc":{"start":{"line":41,"column":42},"end":{"line":41,"column":58}},"line":41},"2":{"name":"(anonymous_2)","decl":{"start":{"line":68,"column":18},"end":{"line":68,"column":28}},"loc":{"start":{"line":68,"column":38},"end":{"line":68,"column":52}},"line":68},"3":{"name":"submitForm","decl":{"start":{"line":71,"column":17},"end":{"line":71,"column":28}},"loc":{"start":{"line":71,"column":44},"end":{"line":88,"column":null}},"line":71},"4":{"name":"(anonymous_4)","decl":{"start":{"line":187,"column":16},"end":{"line":187,"column":31}},"loc":{"start":{"line":187,"column":31},"end":{"line":187,"column":null}},"line":187},"5":{"name":"(anonymous_5)","decl":{"start":{"line":192,"column":16},"end":{"line":192,"column":31}},"loc":{"start":{"line":192,"column":31},"end":{"line":192,"column":null}},"line":192},"6":{"name":"(anonymous_6)","decl":{"start":{"line":230,"column":16},"end":{"line":230,"column":31}},"loc":{"start":{"line":230,"column":31},"end":{"line":230,"column":null}},"line":230},"7":{"name":"(anonymous_7)","decl":{"start":{"line":235,"column":16},"end":{"line":235,"column":31}},"loc":{"start":{"line":235,"column":31},"end":{"line":235,"column":null}},"line":235},"8":{"name":"(anonymous_8)","decl":{"start":{"line":251,"column":23},"end":{"line":251,"column":28}},"loc":{"start":{"line":252,"column":12},"end":{"line":252,"column":null}},"line":252}},"branchMap":{"0":{"loc":{"start":{"line":62,"column":26},"end":{"line":62,"column":null}},"type":"binary-expr","locations":[{"start":{"line":62,"column":26},"end":{"line":62,"column":43}},{"start":{"line":62,"column":47},"end":{"line":62,"column":null}}],"line":62},"1":{"loc":{"start":{"line":104,"column":7},"end":{"line":104,"column":null}},"type":"binary-expr","locations":[{"start":{"line":104,"column":7},"end":{"line":104,"column":22}},{"start":{"line":104,"column":22},"end":{"line":104,"column":null}}],"line":104},"2":{"loc":{"start":{"line":116,"column":7},"end":{"line":116,"column":null}},"type":"binary-expr","locations":[{"start":{"line":116,"column":7},"end":{"line":116,"column":21}},{"start":{"line":116,"column":21},"end":{"line":116,"column":null}}],"line":116},"3":{"loc":{"start":{"line":128,"column":7},"end":{"line":128,"column":null}},"type":"binary-expr","locations":[{"start":{"line":128,"column":7},"end":{"line":128,"column":23}},{"start":{"line":128,"column":23},"end":{"line":128,"column":null}}],"line":128},"4":{"loc":{"start":{"line":146,"column":8},"end":{"line":147,"column":null}},"type":"binary-expr","locations":[{"start":{"line":146,"column":8},"end":{"line":146,"column":25}},{"start":{"line":146,"column":25},"end":{"line":146,"column":41}},{"start":{"line":147,"column":8},"end":{"line":147,"column":null}}],"line":146},"5":{"loc":{"start":{"line":147,"column":30},"end":{"line":147,"column":76}},"type":"binary-expr","locations":[{"start":{"line":147,"column":30},"end":{"line":147,"column":56}},{"start":{"line":147,"column":56},"end":{"line":147,"column":76}}],"line":147},"6":{"loc":{"start":{"line":154,"column":8},"end":{"line":155,"column":null}},"type":"binary-expr","locations":[{"start":{"line":154,"column":8},"end":{"line":154,"column":24}},{"start":{"line":154,"column":24},"end":{"line":154,"column":39}},{"start":{"line":155,"column":8},"end":{"line":155,"column":null}}],"line":154},"7":{"loc":{"start":{"line":155,"column":30},"end":{"line":155,"column":78}},"type":"binary-expr","locations":[{"start":{"line":155,"column":30},"end":{"line":155,"column":55}},{"start":{"line":155,"column":55},"end":{"line":155,"column":78}}],"line":155},"8":{"loc":{"start":{"line":169,"column":7},"end":{"line":169,"column":null}},"type":"binary-expr","locations":[{"start":{"line":169,"column":7},"end":{"line":169,"column":23}},{"start":{"line":169,"column":23},"end":{"line":169,"column":null}}],"line":169},"9":{"loc":{"start":{"line":180,"column":20},"end":{"line":180,"column":null}},"type":"cond-expr","locations":[{"start":{"line":180,"column":36},"end":{"line":180,"column":49}},{"start":{"line":180,"column":49},"end":{"line":180,"column":null}}],"line":180},"10":{"loc":{"start":{"line":184,"column":13},"end":{"line":193,"column":null}},"type":"cond-expr","locations":[{"start":{"line":185,"column":14},"end":{"line":190,"column":15}},{"start":{"line":190,"column":14},"end":{"line":193,"column":null}}],"line":184},"11":{"loc":{"start":{"line":199,"column":46},"end":{"line":199,"column":73}},"type":"cond-expr","locations":[{"start":{"line":199,"column":57},"end":{"line":199,"column":62}},{"start":{"line":199,"column":62},"end":{"line":199,"column":73}}],"line":199},"12":{"loc":{"start":{"line":202,"column":46},"end":{"line":202,"column":77}},"type":"cond-expr","locations":[{"start":{"line":202,"column":61},"end":{"line":202,"column":66}},{"start":{"line":202,"column":66},"end":{"line":202,"column":77}}],"line":202},"13":{"loc":{"start":{"line":205,"column":46},"end":{"line":205,"column":77}},"type":"cond-expr","locations":[{"start":{"line":205,"column":61},"end":{"line":205,"column":66}},{"start":{"line":205,"column":66},"end":{"line":205,"column":77}}],"line":205},"14":{"loc":{"start":{"line":208,"column":46},"end":{"line":208,"column":75}},"type":"cond-expr","locations":[{"start":{"line":208,"column":59},"end":{"line":208,"column":64}},{"start":{"line":208,"column":64},"end":{"line":208,"column":75}}],"line":208},"15":{"loc":{"start":{"line":223,"column":20},"end":{"line":223,"column":null}},"type":"cond-expr","locations":[{"start":{"line":223,"column":35},"end":{"line":223,"column":48}},{"start":{"line":223,"column":48},"end":{"line":223,"column":null}}],"line":223},"16":{"loc":{"start":{"line":227,"column":13},"end":{"line":236,"column":null}},"type":"cond-expr","locations":[{"start":{"line":228,"column":14},"end":{"line":233,"column":15}},{"start":{"line":233,"column":14},"end":{"line":236,"column":null}}],"line":227},"17":{"loc":{"start":{"line":240,"column":9},"end":{"line":241,"column":null}},"type":"binary-expr","locations":[{"start":{"line":240,"column":9},"end":{"line":240,"column":27}},{"start":{"line":240,"column":27},"end":{"line":241,"column":null}}],"line":240},"18":{"loc":{"start":{"line":256,"column":8},"end":{"line":259,"column":null}},"type":"binary-expr","locations":[{"start":{"line":256,"column":8},"end":{"line":256,"column":26}},{"start":{"line":256,"column":26},"end":{"line":256,"column":43}},{"start":{"line":257,"column":8},"end":{"line":259,"column":null}}],"line":256},"19":{"loc":{"start":{"line":258,"column":11},"end":{"line":258,"column":null}},"type":"binary-expr","locations":[{"start":{"line":258,"column":11},"end":{"line":258,"column":38}},{"start":{"line":258,"column":38},"end":{"line":258,"column":null}}],"line":258},"20":{"loc":{"start":{"line":263,"column":38},"end":{"line":263,"column":66}},"type":"cond-expr","locations":[{"start":{"line":263,"column":49},"end":{"line":263,"column":63}},{"start":{"line":263,"column":63},"end":{"line":263,"column":66}}],"line":263}},"s":{"0":4,"1":0,"2":0,"3":0,"4":0,"5":0,"6":0,"7":0,"8":0,"9":0,"10":0,"11":0,"12":0,"13":0,"14":0,"15":0,"16":0,"17":0,"18":0,"19":0,"20":0,"21":0},"f":{"0":0,"1":0,"2":0,"3":0,"4":0,"5":0,"6":0,"7":0,"8":0},"b":{"0":[0,0],"1":[0,0],"2":[0,0],"3":[0,0],"4":[0,0,0],"5":[0,0],"6":[0,0,0],"7":[0,0],"8":[0,0],"9":[0,0],"10":[0,0],"11":[0,0],"12":[0,0],"13":[0,0],"14":[0,0],"15":[0,0],"16":[0,0],"17":[0,0],"18":[0,0,0],"19":[0,0],"20":[0,0]},"meta":{"lastBranch":21,"lastFunction":9,"lastStatement":22,"seen":{"s:29:13:268:Infinity":0,"f:29:13:29:31":0,"s:37:23:37:66":1,"s:38:22:38:64":2,"s:41:8:41:58":3,"f:41:22:41:32":1,"s:41:42:41:58":4,"s:44:8:44:45":5,"s:51:25:58:4":6,"s:62:26:62:Infinity":7,"b:62:26:62:43:62:47:62:Infinity":0,"s:64:48:65:34":8,"s:68:8:68:52":9,"f:68:18:68:28":2,"s:68:38:68:52":10,"f:71:17:71:28":3,"s:72:22:72:55":11,"s:74:19:74:29":12,"s:76:4:85:Infinity":13,"s:87:4:87:Infinity":14,"s:88:4:88:Infinity":15,"s:91:2:268:Infinity":16,"b:104:7:104:22:104:22:104:Infinity":1,"b:116:7:116:21:116:21:116:Infinity":2,"b:128:7:128:23:128:23:128:Infinity":3,"b:146:8:146:25:146:25:146:41:147:8:147:Infinity":4,"b:147:30:147:56:147:56:147:76":5,"b:154:8:154:24:154:24:154:39:155:8:155:Infinity":6,"b:155:30:155:55:155:55:155:78":7,"b:169:7:169:23:169:23:169:Infinity":8,"b:180:36:180:49:180:49:180:Infinity":9,"b:185:14:190:15:190:14:193:Infinity":10,"f:187:16:187:31":4,"s:187:31:187:Infinity":17,"f:192:16:192:31":5,"s:192:31:192:Infinity":18,"b:199:57:199:62:199:62:199:73":11,"b:202:61:202:66:202:66:202:77":12,"b:205:61:205:66:205:66:205:77":13,"b:208:59:208:64:208:64:208:75":14,"b:223:35:223:48:223:48:223:Infinity":15,"b:228:14:233:15:233:14:236:Infinity":16,"f:230:16:230:31":6,"s:230:31:230:Infinity":19,"f:235:16:235:31":7,"s:235:31:235:Infinity":20,"b:240:9:240:27:240:27:241:Infinity":17,"f:251:23:251:28":8,"s:252:12:252:Infinity":21,"b:256:8:256:26:256:26:256:43:257:8:259:Infinity":18,"b:258:11:258:38:258:38:258:Infinity":19,"b:263:49:263:63:263:63:263:66":20}}}
,"E:\\Front\\react\\class-comp\\src\\components\\formUnControlled\\formUnControlled.tsx": {"path":"E:\\Front\\react\\class-comp\\src\\components\\formUnControlled\\formUnControlled.tsx","statementMap":{"0":{"start":{"line":22,"column":13},"end":{"line":310,"column":null}},"1":{"start":{"line":30,"column":8},"end":{"line":30,"column":48}},"2":{"start":{"line":31,"column":8},"end":{"line":31,"column":47}},"3":{"start":{"line":32,"column":8},"end":{"line":32,"column":49}},"4":{"start":{"line":33,"column":8},"end":{"line":33,"column":48}},"5":{"start":{"line":34,"column":8},"end":{"line":34,"column":50}},"6":{"start":{"line":35,"column":8},"end":{"line":35,"column":49}},"7":{"start":{"line":36,"column":8},"end":{"line":36,"column":49}},"8":{"start":{"line":37,"column":8},"end":{"line":37,"column":52}},"9":{"start":{"line":38,"column":8},"end":{"line":38,"column":51}},"10":{"start":{"line":39,"column":8},"end":{"line":39,"column":50}},"11":{"start":{"line":42,"column":26},"end":{"line":42,"column":60}},"12":{"start":{"line":45,"column":8},"end":{"line":45,"column":58}},"13":{"start":{"line":45,"column":42},"end":{"line":45,"column":58}},"14":{"start":{"line":49,"column":17},"end":{"line":49,"column":66}},"15":{"start":{"line":52,"column":23},"end":{"line":52,"column":66}},"16":{"start":{"line":53,"column":22},"end":{"line":53,"column":64}},"17":{"start":{"line":56,"column":8},"end":{"line":56,"column":45}},"18":{"start":{"line":59,"column":8},"end":{"line":59,"column":52}},"19":{"start":{"line":59,"column":38},"end":{"line":59,"column":52}},"20":{"start":{"line":62,"column":48},"end":{"line":63,"column":34}},"21":{"start":{"line":67,"column":4},"end":{"line":67,"column":null}},"22":{"start":{"line":69,"column":21},"end":{"line":83,"column":null}},"23":{"start":{"line":87,"column":19},"end":{"line":87,"column":50}},"24":{"start":{"line":90,"column":4},"end":{"line":121,"column":null}},"25":{"start":{"line":92,"column":48},"end":{"line":92,"column":50}},"26":{"start":{"line":96,"column":6},"end":{"line":98,"column":null}},"27":{"start":{"line":97,"column":8},"end":{"line":97,"column":null}},"28":{"start":{"line":100,"column":6},"end":{"line":100,"column":null}},"29":{"start":{"line":101,"column":6},"end":{"line":101,"column":null}},"30":{"start":{"line":104,"column":6},"end":{"line":104,"column":null}},"31":{"start":{"line":106,"column":6},"end":{"line":106,"column":null}},"32":{"start":{"line":109,"column":6},"end":{"line":109,"column":null}},"33":{"start":{"line":111,"column":21},"end":{"line":111,"column":61}},"34":{"start":{"line":113,"column":21},"end":{"line":113,"column":31}},"35":{"start":{"line":115,"column":6},"end":{"line":119,"column":null}},"36":{"start":{"line":120,"column":6},"end":{"line":120,"column":null}},"37":{"start":{"line":121,"column":6},"end":{"line":121,"column":null}},"38":{"start":{"line":124,"column":4},"end":{"line":125,"column":null}},"39":{"start":{"line":125,"column":6},"end":{"line":125,"column":null}},"40":{"start":{"line":128,"column":4},"end":{"line":129,"column":null}},"41":{"start":{"line":129,"column":6},"end":{"line":129,"column":null}},"42":{"start":{"line":132,"column":4},"end":{"line":132,"column":null}},"43":{"start":{"line":135,"column":2},"end":{"line":310,"column":null}},"44":{"start":{"line":225,"column":31},"end":{"line":225,"column":null}},"45":{"start":{"line":230,"column":31},"end":{"line":230,"column":null}},"46":{"start":{"line":235,"column":31},"end":{"line":235,"column":null}},"47":{"start":{"line":275,"column":31},"end":{"line":275,"column":null}},"48":{"start":{"line":280,"column":31},"end":{"line":280,"column":null}},"49":{"start":{"line":302,"column":12},"end":{"line":302,"column":null}}},"fnMap":{"0":{"name":"(anonymous_0)","decl":{"start":{"line":22,"column":13},"end":{"line":22,"column":32}},"loc":{"start":{"line":28,"column":6},"end":{"line":310,"column":null}},"line":28},"1":{"name":"(anonymous_1)","decl":{"start":{"line":45,"column":22},"end":{"line":45,"column":32}},"loc":{"start":{"line":45,"column":42},"end":{"line":45,"column":58}},"line":45},"2":{"name":"(anonymous_2)","decl":{"start":{"line":59,"column":18},"end":{"line":59,"column":28}},"loc":{"start":{"line":59,"column":38},"end":{"line":59,"column":52}},"line":59},"3":{"name":"handleSubmit","decl":{"start":{"line":66,"column":17},"end":{"line":66,"column":30}},"loc":{"start":{"line":66,"column":50},"end":{"line":132,"column":null}},"line":66},"4":{"name":"(anonymous_4)","decl":{"start":{"line":96,"column":26},"end":{"line":96,"column":35}},"loc":{"start":{"line":96,"column":45},"end":{"line":98,"column":null}},"line":96},"5":{"name":"(anonymous_5)","decl":{"start":{"line":225,"column":14},"end":{"line":225,"column":25}},"loc":{"start":{"line":225,"column":31},"end":{"line":225,"column":null}},"line":225},"6":{"name":"(anonymous_6)","decl":{"start":{"line":230,"column":16},"end":{"line":230,"column":31}},"loc":{"start":{"line":230,"column":31},"end":{"line":230,"column":null}},"line":230},"7":{"name":"(anonymous_7)","decl":{"start":{"line":235,"column":16},"end":{"line":235,"column":31}},"loc":{"start":{"line":235,"column":31},"end":{"line":235,"column":null}},"line":235},"8":{"name":"(anonymous_8)","decl":{"start":{"line":275,"column":16},"end":{"line":275,"column":31}},"loc":{"start":{"line":275,"column":31},"end":{"line":275,"column":null}},"line":275},"9":{"name":"(anonymous_9)","decl":{"start":{"line":280,"column":16},"end":{"line":280,"column":31}},"loc":{"start":{"line":280,"column":31},"end":{"line":280,"column":null}},"line":280},"10":{"name":"(anonymous_10)","decl":{"start":{"line":301,"column":23},"end":{"line":301,"column":28}},"loc":{"start":{"line":302,"column":12},"end":{"line":302,"column":null}},"line":302}},"branchMap":{"0":{"loc":{"start":{"line":70,"column":12},"end":{"line":70,"column":null}},"type":"binary-expr","locations":[{"start":{"line":70,"column":12},"end":{"line":70,"column":38}},{"start":{"line":70,"column":38},"end":{"line":70,"column":null}}],"line":70},"1":{"loc":{"start":{"line":71,"column":11},"end":{"line":71,"column":null}},"type":"binary-expr","locations":[{"start":{"line":71,"column":11},"end":{"line":71,"column":36}},{"start":{"line":71,"column":36},"end":{"line":71,"column":null}}],"line":71},"2":{"loc":{"start":{"line":72,"column":13},"end":{"line":72,"column":null}},"type":"binary-expr","locations":[{"start":{"line":72,"column":13},"end":{"line":72,"column":40}},{"start":{"line":72,"column":40},"end":{"line":72,"column":null}}],"line":72},"3":{"loc":{"start":{"line":73,"column":14},"end":{"line":77,"column":null}},"type":"cond-expr","locations":[{"start":{"line":74,"column":10},"end":{"line":74,"column":null}},{"start":{"line":75,"column":10},"end":{"line":77,"column":null}}],"line":73},"4":{"loc":{"start":{"line":75,"column":10},"end":{"line":77,"column":null}},"type":"cond-expr","locations":[{"start":{"line":76,"column":12},"end":{"line":76,"column":null}},{"start":{"line":77,"column":12},"end":{"line":77,"column":null}}],"line":75},"5":{"loc":{"start":{"line":78,"column":13},"end":{"line":78,"column":null}},"type":"binary-expr","locations":[{"start":{"line":78,"column":13},"end":{"line":78,"column":42}},{"start":{"line":78,"column":42},"end":{"line":78,"column":null}}],"line":78},"6":{"loc":{"start":{"line":80,"column":16},"end":{"line":80,"column":null}},"type":"binary-expr","locations":[{"start":{"line":80,"column":16},"end":{"line":80,"column":46}},{"start":{"line":80,"column":46},"end":{"line":80,"column":null}}],"line":80},"7":{"loc":{"start":{"line":81,"column":15},"end":{"line":81,"column":null}},"type":"binary-expr","locations":[{"start":{"line":81,"column":15},"end":{"line":81,"column":44}},{"start":{"line":81,"column":44},"end":{"line":81,"column":null}}],"line":81},"8":{"loc":{"start":{"line":82,"column":15},"end":{"line":82,"column":null}},"type":"binary-expr","locations":[{"start":{"line":82,"column":15},"end":{"line":82,"column":43}},{"start":{"line":82,"column":43},"end":{"line":82,"column":null}}],"line":82},"9":{"loc":{"start":{"line":90,"column":4},"end":{"line":121,"column":null}},"type":"if","locations":[{"start":{"line":90,"column":4},"end":{"line":121,"column":null}},{"start":{"line":107,"column":11},"end":{"line":121,"column":null}}],"line":90},"10":{"loc":{"start":{"line":124,"column":4},"end":{"line":125,"column":null}},"type":"if","locations":[{"start":{"line":124,"column":4},"end":{"line":125,"column":null}},{"start":{},"end":{}}],"line":124},"11":{"loc":{"start":{"line":128,"column":4},"end":{"line":129,"column":null}},"type":"if","locations":[{"start":{"line":128,"column":4},"end":{"line":129,"column":null}},{"start":{},"end":{}}],"line":128},"12":{"loc":{"start":{"line":148,"column":7},"end":{"line":148,"column":null}},"type":"binary-expr","locations":[{"start":{"line":148,"column":7},"end":{"line":148,"column":22}},{"start":{"line":148,"column":22},"end":{"line":148,"column":null}}],"line":148},"13":{"loc":{"start":{"line":160,"column":7},"end":{"line":160,"column":null}},"type":"binary-expr","locations":[{"start":{"line":160,"column":7},"end":{"line":160,"column":21}},{"start":{"line":160,"column":21},"end":{"line":160,"column":null}}],"line":160},"14":{"loc":{"start":{"line":172,"column":7},"end":{"line":172,"column":null}},"type":"binary-expr","locations":[{"start":{"line":172,"column":7},"end":{"line":172,"column":23}},{"start":{"line":172,"column":23},"end":{"line":172,"column":null}}],"line":172},"15":{"loc":{"start":{"line":192,"column":7},"end":{"line":192,"column":null}},"type":"binary-expr","locations":[{"start":{"line":192,"column":7},"end":{"line":192,"column":24}},{"start":{"line":192,"column":24},"end":{"line":192,"column":null}}],"line":192},"16":{"loc":{"start":{"line":198,"column":7},"end":{"line":198,"column":null}},"type":"binary-expr","locations":[{"start":{"line":198,"column":7},"end":{"line":198,"column":23}},{"start":{"line":198,"column":23},"end":{"line":198,"column":null}}],"line":198},"17":{"loc":{"start":{"line":211,"column":7},"end":{"line":211,"column":null}},"type":"binary-expr","locations":[{"start":{"line":211,"column":7},"end":{"line":211,"column":23}},{"start":{"line":211,"column":23},"end":{"line":211,"column":null}}],"line":211},"18":{"loc":{"start":{"line":222,"column":20},"end":{"line":222,"column":null}},"type":"cond-expr","locations":[{"start":{"line":222,"column":36},"end":{"line":222,"column":49}},{"start":{"line":222,"column":49},"end":{"line":222,"column":null}}],"line":222},"19":{"loc":{"start":{"line":227,"column":13},"end":{"line":236,"column":null}},"type":"cond-expr","locations":[{"start":{"line":228,"column":14},"end":{"line":233,"column":15}},{"start":{"line":233,"column":14},"end":{"line":236,"column":null}}],"line":227},"20":{"loc":{"start":{"line":242,"column":46},"end":{"line":242,"column":73}},"type":"cond-expr","locations":[{"start":{"line":242,"column":57},"end":{"line":242,"column":62}},{"start":{"line":242,"column":62},"end":{"line":242,"column":73}}],"line":242},"21":{"loc":{"start":{"line":245,"column":46},"end":{"line":245,"column":77}},"type":"cond-expr","locations":[{"start":{"line":245,"column":61},"end":{"line":245,"column":66}},{"start":{"line":245,"column":66},"end":{"line":245,"column":77}}],"line":245},"22":{"loc":{"start":{"line":249,"column":43},"end":{"line":249,"column":null}},"type":"cond-expr","locations":[{"start":{"line":249,"column":58},"end":{"line":249,"column":68}},{"start":{"line":249,"column":68},"end":{"line":249,"column":null}}],"line":249},"23":{"loc":{"start":{"line":253,"column":46},"end":{"line":253,"column":80}},"type":"cond-expr","locations":[{"start":{"line":253,"column":59},"end":{"line":253,"column":69}},{"start":{"line":253,"column":69},"end":{"line":253,"column":80}}],"line":253},"24":{"loc":{"start":{"line":268,"column":20},"end":{"line":268,"column":null}},"type":"cond-expr","locations":[{"start":{"line":268,"column":35},"end":{"line":268,"column":48}},{"start":{"line":268,"column":48},"end":{"line":268,"column":null}}],"line":268},"25":{"loc":{"start":{"line":272,"column":13},"end":{"line":281,"column":null}},"type":"cond-expr","locations":[{"start":{"line":273,"column":14},"end":{"line":278,"column":15}},{"start":{"line":278,"column":14},"end":{"line":281,"column":null}}],"line":272},"26":{"loc":{"start":{"line":285,"column":9},"end":{"line":286,"column":null}},"type":"binary-expr","locations":[{"start":{"line":285,"column":9},"end":{"line":285,"column":27}},{"start":{"line":285,"column":27},"end":{"line":286,"column":null}}],"line":285},"27":{"loc":{"start":{"line":306,"column":7},"end":{"line":306,"column":null}},"type":"binary-expr","locations":[{"start":{"line":306,"column":7},"end":{"line":306,"column":25}},{"start":{"line":306,"column":25},"end":{"line":306,"column":null}}],"line":306}},"s":{"0":4,"1":0,"2":0,"3":0,"4":0,"5":0,"6":0,"7":0,"8":0,"9":0,"10":0,"11":0,"12":0,"13":0,"14":0,"15":0,"16":0,"17":0,"18":0,"19":0,"20":0,"21":0,"22":0,"23":0,"24":0,"25":0,"26":0,"27":0,"28":0,"29":0,"30":0,"31":0,"32":0,"33":0,"34":0,"35":0,"36":0,"37":0,"38":0,"39":0,"40":0,"41":0,"42":0,"43":0,"44":0,"45":0,"46":0,"47":0,"48":0,"49":0},"f":{"0":0,"1":0,"2":0,"3":0,"4":0,"5":0,"6":0,"7":0,"8":0,"9":0,"10":0},"b":{"0":[0,0],"1":[0,0],"2":[0,0],"3":[0,0],"4":[0,0],"5":[0,0],"6":[0,0],"7":[0,0],"8":[0,0],"9":[0,0],"10":[0,0],"11":[0,0],"12":[0,0],"13":[0,0],"14":[0,0],"15":[0,0],"16":[0,0],"17":[0,0],"18":[0,0],"19":[0,0],"20":[0,0],"21":[0,0],"22":[0,0],"23":[0,0],"24":[0,0],"25":[0,0],"26":[0,0],"27":[0,0]},"meta":{"lastBranch":28,"lastFunction":11,"lastStatement":50,"seen":{"s:22:13:310:Infinity":0,"f:22:13:22:32":0,"s:30:8:30:48":1,"s:31:8:31:47":2,"s:32:8:32:49":3,"s:33:8:33:48":4,"s:34:8:34:50":5,"s:35:8:35:49":6,"s:36:8:36:49":7,"s:37:8:37:52":8,"s:38:8:38:51":9,"s:39:8:39:50":10,"s:42:26:42:60":11,"s:45:8:45:58":12,"f:45:22:45:32":1,"s:45:42:45:58":13,"s:49:17:49:66":14,"s:52:23:52:66":15,"s:53:22:53:64":16,"s:56:8:56:45":17,"s:59:8:59:52":18,"f:59:18:59:28":2,"s:59:38:59:52":19,"s:62:48:63:34":20,"f:66:17:66:30":3,"s:67:4:67:Infinity":21,"s:69:21:83:Infinity":22,"b:70:12:70:38:70:38:70:Infinity":0,"b:71:11:71:36:71:36:71:Infinity":1,"b:72:13:72:40:72:40:72:Infinity":2,"b:74:10:74:Infinity:75:10:77:Infinity":3,"b:76:12:76:Infinity:77:12:77:Infinity":4,"b:78:13:78:42:78:42:78:Infinity":5,"b:80:16:80:46:80:46:80:Infinity":6,"b:81:15:81:44:81:44:81:Infinity":7,"b:82:15:82:43:82:43:82:Infinity":8,"s:87:19:87:50":23,"b:90:4:121:Infinity:107:11:121:Infinity":9,"s:90:4:121:Infinity":24,"s:92:48:92:50":25,"s:96:6:98:Infinity":26,"f:96:26:96:35":4,"s:97:8:97:Infinity":27,"s:100:6:100:Infinity":28,"s:101:6:101:Infinity":29,"s:104:6:104:Infinity":30,"s:106:6:106:Infinity":31,"s:109:6:109:Infinity":32,"s:111:21:111:61":33,"s:113:21:113:31":34,"s:115:6:119:Infinity":35,"s:120:6:120:Infinity":36,"s:121:6:121:Infinity":37,"b:124:4:125:Infinity:undefined:undefined:undefined:undefined":10,"s:124:4:125:Infinity":38,"s:125:6:125:Infinity":39,"b:128:4:129:Infinity:undefined:undefined:undefined:undefined":11,"s:128:4:129:Infinity":40,"s:129:6:129:Infinity":41,"s:132:4:132:Infinity":42,"s:135:2:310:Infinity":43,"b:148:7:148:22:148:22:148:Infinity":12,"b:160:7:160:21:160:21:160:Infinity":13,"b:172:7:172:23:172:23:172:Infinity":14,"b:192:7:192:24:192:24:192:Infinity":15,"b:198:7:198:23:198:23:198:Infinity":16,"b:211:7:211:23:211:23:211:Infinity":17,"b:222:36:222:49:222:49:222:Infinity":18,"f:225:14:225:25":5,"s:225:31:225:Infinity":44,"b:228:14:233:15:233:14:236:Infinity":19,"f:230:16:230:31":6,"s:230:31:230:Infinity":45,"f:235:16:235:31":7,"s:235:31:235:Infinity":46,"b:242:57:242:62:242:62:242:73":20,"b:245:61:245:66:245:66:245:77":21,"b:249:58:249:68:249:68:249:Infinity":22,"b:253:59:253:69:253:69:253:80":23,"b:268:35:268:48:268:48:268:Infinity":24,"b:273:14:278:15:278:14:281:Infinity":25,"f:275:16:275:31":8,"s:275:31:275:Infinity":47,"f:280:16:280:31":9,"s:280:31:280:Infinity":48,"b:285:9:285:27:285:27:286:Infinity":26,"f:301:23:301:28":10,"s:302:12:302:Infinity":49,"b:306:7:306:25:306:25:306:Infinity":27}}}
,"E:\\Front\\react\\class-comp\\src\\components\\formsManager\\formsManager.tsx": {"path":"E:\\Front\\react\\class-comp\\src\\components\\formsManager\\formsManager.tsx","statementMap":{"0":{"start":{"line":17,"column":13},"end":{"line":128,"column":null}},"1":{"start":{"line":19,"column":22},"end":{"line":19,"column":55}},"2":{"start":{"line":22,"column":17},"end":{"line":22,"column":59}},"3":{"start":{"line":25,"column":19},"end":{"line":27,"column":9}},"4":{"start":{"line":31,"column":4},"end":{"line":31,"column":null}},"5":{"start":{"line":32,"column":4},"end":{"line":32,"column":null}},"6":{"start":{"line":37,"column":4},"end":{"line":37,"column":null}},"7":{"start":{"line":38,"column":4},"end":{"line":38,"column":null}},"8":{"start":{"line":42,"column":8},"end":{"line":42,"column":48}},"9":{"start":{"line":42,"column":36},"end":{"line":42,"column":48}},"10":{"start":{"line":45,"column":8},"end":{"line":45,"column":58}},"11":{"start":{"line":45,"column":41},"end":{"line":45,"column":58}},"12":{"start":{"line":48,"column":2},"end":{"line":58,"column":null}},"13":{"start":{"line":49,"column":4},"end":{"line":56,"column":null}},"14":{"start":{"line":50,"column":6},"end":{"line":50,"column":null}},"15":{"start":{"line":52,"column":20},"end":{"line":54,"column":14}},"16":{"start":{"line":53,"column":8},"end":{"line":53,"column":null}},"17":{"start":{"line":56,"column":6},"end":{"line":56,"column":null}},"18":{"start":{"line":56,"column":19},"end":{"line":56,"column":38}},"19":{"start":{"line":60,"column":2},"end":{"line":128,"column":null}},"20":{"start":{"line":66,"column":12},"end":{"line":66,"column":null}},"21":{"start":{"line":73,"column":12},"end":{"line":73,"column":null}},"22":{"start":{"line":80,"column":10},"end":{"line":113,"column":null}},"23":{"start":{"line":107,"column":35},"end":{"line":107,"column":52}}},"fnMap":{"0":{"name":"(anonymous_0)","decl":{"start":{"line":17,"column":13},"end":{"line":17,"column":33}},"loc":{"start":{"line":17,"column":33},"end":{"line":128,"column":null}},"line":17},"1":{"name":"openModal","decl":{"start":{"line":30,"column":11},"end":{"line":30,"column":21}},"loc":{"start":{"line":30,"column":62},"end":{"line":32,"column":null}},"line":30},"2":{"name":"closeModal","decl":{"start":{"line":36,"column":11},"end":{"line":36,"column":24}},"loc":{"start":{"line":36,"column":24},"end":{"line":38,"column":null}},"line":36},"3":{"name":"(anonymous_3)","decl":{"start":{"line":42,"column":16},"end":{"line":42,"column":26}},"loc":{"start":{"line":42,"column":36},"end":{"line":42,"column":48}},"line":42},"4":{"name":"(anonymous_4)","decl":{"start":{"line":45,"column":21},"end":{"line":45,"column":31}},"loc":{"start":{"line":45,"column":41},"end":{"line":45,"column":58}},"line":45},"5":{"name":"(anonymous_5)","decl":{"start":{"line":48,"column":2},"end":{"line":48,"column":18}},"loc":{"start":{"line":48,"column":18},"end":{"line":58,"column":6}},"line":48},"6":{"name":"(anonymous_6)","decl":{"start":{"line":52,"column":20},"end":{"line":52,"column":37}},"loc":{"start":{"line":52,"column":37},"end":{"line":54,"column":14}},"line":52},"7":{"name":"(anonymous_7)","decl":{"start":{"line":56,"column":6},"end":{"line":56,"column":19}},"loc":{"start":{"line":56,"column":19},"end":{"line":56,"column":38}},"line":56},"8":{"name":"(anonymous_8)","decl":{"start":{"line":65,"column":10},"end":{"line":65,"column":29}},"loc":{"start":{"line":65,"column":29},"end":{"line":66,"column":null}},"line":65},"9":{"name":"(anonymous_9)","decl":{"start":{"line":72,"column":10},"end":{"line":72,"column":29}},"loc":{"start":{"line":72,"column":29},"end":{"line":73,"column":null}},"line":72},"10":{"name":"(anonymous_10)","decl":{"start":{"line":79,"column":15},"end":{"line":79,"column":20}},"loc":{"start":{"line":79,"column":36},"end":{"line":113,"column":null}},"line":79},"11":{"name":"(anonymous_11)","decl":{"start":{"line":107,"column":20},"end":{"line":107,"column":35}},"loc":{"start":{"line":107,"column":35},"end":{"line":107,"column":52}},"line":107}},"branchMap":{"0":{"loc":{"start":{"line":49,"column":4},"end":{"line":56,"column":null}},"type":"if","locations":[{"start":{"line":49,"column":4},"end":{"line":56,"column":null}},{"start":{"line":51,"column":11},"end":{"line":56,"column":null}}],"line":49},"1":{"loc":{"start":{"line":83,"column":72},"end":{"line":83,"column":null}},"type":"cond-expr","locations":[{"start":{"line":83,"column":93},"end":{"line":83,"column":107}},{"start":{"line":83,"column":107},"end":{"line":83,"column":null}}],"line":83},"2":{"loc":{"start":{"line":86,"column":21},"end":{"line":86,"column":null}},"type":"binary-expr","locations":[{"start":{"line":86,"column":21},"end":{"line":86,"column":35}},{"start":{"line":86,"column":35},"end":{"line":86,"column":null}}],"line":86},"3":{"loc":{"start":{"line":120,"column":11},"end":{"line":122,"column":null}},"type":"cond-expr","locations":[{"start":{"line":121,"column":14},"end":{"line":121,"column":null}},{"start":{"line":122,"column":14},"end":{"line":122,"column":null}}],"line":120},"4":{"loc":{"start":{"line":124,"column":9},"end":{"line":125,"column":null}},"type":"binary-expr","locations":[{"start":{"line":124,"column":9},"end":{"line":124,"column":null}},{"start":{"line":125,"column":10},"end":{"line":125,"column":null}}],"line":124},"5":{"loc":{"start":{"line":127,"column":9},"end":{"line":128,"column":null}},"type":"binary-expr","locations":[{"start":{"line":127,"column":9},"end":{"line":127,"column":null}},{"start":{"line":128,"column":10},"end":{"line":128,"column":null}}],"line":127}},"s":{"0":4,"1":78,"2":78,"3":78,"4":0,"5":0,"6":0,"7":0,"8":78,"9":298,"10":78,"11":298,"12":78,"13":11,"14":11,"15":0,"16":0,"17":0,"18":0,"19":78,"20":0,"21":0,"22":156,"23":0},"f":{"0":78,"1":0,"2":0,"3":298,"4":298,"5":11,"6":0,"7":0,"8":0,"9":0,"10":156,"11":0},"b":{"0":[11,0],"1":[0,156],"2":[156,0],"3":[0,78],"4":[78,0],"5":[78,0]},"meta":{"lastBranch":6,"lastFunction":12,"lastStatement":24,"seen":{"s:17:13:128:Infinity":0,"f:17:13:17:33":0,"s:19:22:19:55":1,"s:22:17:22:59":2,"s:25:19:27:9":3,"f:30:11:30:21":1,"s:31:4:31:Infinity":4,"s:32:4:32:Infinity":5,"f:36:11:36:24":2,"s:37:4:37:Infinity":6,"s:38:4:38:Infinity":7,"s:42:8:42:48":8,"f:42:16:42:26":3,"s:42:36:42:48":9,"s:45:8:45:58":10,"f:45:21:45:31":4,"s:45:41:45:58":11,"s:48:2:58:Infinity":12,"f:48:2:48:18":5,"b:49:4:56:Infinity:51:11:56:Infinity":0,"s:49:4:56:Infinity":13,"s:50:6:50:Infinity":14,"s:52:20:54:14":15,"f:52:20:52:37":6,"s:53:8:53:Infinity":16,"s:56:6:56:Infinity":17,"f:56:6:56:19":7,"s:56:19:56:38":18,"s:60:2:128:Infinity":19,"f:65:10:65:29":8,"s:66:12:66:Infinity":20,"f:72:10:72:29":9,"s:73:12:73:Infinity":21,"f:79:15:79:20":10,"s:80:10:113:Infinity":22,"b:83:93:83:107:83:107:83:Infinity":1,"b:86:21:86:35:86:35:86:Infinity":2,"f:107:20:107:35":11,"s:107:35:107:52":23,"b:121:14:121:Infinity:122:14:122:Infinity":3,"b:124:9:124:Infinity:125:10:125:Infinity":4,"b:127:9:127:Infinity:128:10:128:Infinity":5}}}
,"E:\\Front\\react\\class-comp\\src\\components\\heroData\\heroData.tsx": {"path":"E:\\Front\\react\\class-comp\\src\\components\\heroData\\heroData.tsx","statementMap":{"0":{"start":{"line":9,"column":13},"end":{"line":62,"column":null}},"1":{"start":{"line":10,"column":8},"end":{"line":10,"column":28}},"2":{"start":{"line":11,"column":2},"end":{"line":11,"column":null}},"3":{"start":{"line":12,"column":8},"end":{"line":12,"column":32}},"4":{"start":{"line":14,"column":17},"end":{"line":14,"column":null}},"5":{"start":{"line":20,"column":4},"end":{"line":27,"column":4}},"6":{"start":{"line":24,"column":6},"end":{"line":24,"column":null}},"7":{"start":{"line":24,"column":19},"end":{"line":24,"column":null}},"8":{"start":{"line":25,"column":6},"end":{"line":25,"column":null}},"9":{"start":{"line":29,"column":2},"end":{"line":29,"column":null}},"10":{"start":{"line":29,"column":13},"end":{"line":29,"column":null}},"11":{"start":{"line":33,"column":4},"end":{"line":33,"column":null}},"12":{"start":{"line":34,"column":4},"end":{"line":34,"column":null}},"13":{"start":{"line":35,"column":4},"end":{"line":35,"column":null}},"14":{"start":{"line":38,"column":2},"end":{"line":62,"column":null}},"15":{"start":{"line":56,"column":33},"end":{"line":56,"column":null}}},"fnMap":{"0":{"name":"(anonymous_0)","decl":{"start":{"line":9,"column":13},"end":{"line":9,"column":30}},"loc":{"start":{"line":9,"column":30},"end":{"line":62,"column":null}},"line":9},"1":{"name":"(anonymous_1)","decl":{"start":{"line":23,"column":4},"end":{"line":23,"column":19}},"loc":{"start":{"line":23,"column":19},"end":{"line":25,"column":null}},"line":23},"2":{"name":"updateHeroData","decl":{"start":{"line":32,"column":17},"end":{"line":32,"column":34}},"loc":{"start":{"line":32,"column":34},"end":{"line":35,"column":null}},"line":32},"3":{"name":"(anonymous_3)","decl":{"start":{"line":56,"column":14},"end":{"line":56,"column":33}},"loc":{"start":{"line":56,"column":33},"end":{"line":56,"column":null}},"line":56}},"branchMap":{"0":{"loc":{"start":{"line":14,"column":17},"end":{"line":14,"column":null}},"type":"binary-expr","locations":[{"start":{"line":14,"column":17},"end":{"line":14,"column":34}},{"start":{"line":14,"column":34},"end":{"line":14,"column":null}}],"line":14},"1":{"loc":{"start":{"line":24,"column":6},"end":{"line":24,"column":null}},"type":"if","locations":[{"start":{"line":24,"column":6},"end":{"line":24,"column":null}},{"start":{},"end":{}}],"line":24},"2":{"loc":{"start":{"line":29,"column":2},"end":{"line":29,"column":null}},"type":"if","locations":[{"start":{"line":29,"column":2},"end":{"line":29,"column":null}},{"start":{},"end":{}}],"line":29},"3":{"loc":{"start":{"line":40,"column":7},"end":{"line":60,"column":null}},"type":"cond-expr","locations":[{"start":{"line":41,"column":8},"end":{"line":44,"column":11}},{"start":{"line":44,"column":10},"end":{"line":60,"column":null}}],"line":40},"4":{"loc":{"start":{"line":44,"column":10},"end":{"line":60,"column":null}},"type":"cond-expr","locations":[{"start":{"line":45,"column":8},"end":{"line":47,"column":9}},{"start":{"line":47,"column":8},"end":{"line":60,"column":null}}],"line":44}},"s":{"0":2,"1":8,"2":8,"3":8,"4":8,"5":8,"6":6,"7":1,"8":5,"9":8,"10":1,"11":1,"12":1,"13":1,"14":7,"15":0},"f":{"0":8,"1":6,"2":1,"3":0},"b":{"0":[8,1],"1":[1,5],"2":[1,7],"3":[4,3],"4":[0,3]},"meta":{"lastBranch":5,"lastFunction":4,"lastStatement":16,"seen":{"s:9:13:62:Infinity":0,"f:9:13:9:30":0,"s:10:8:10:28":1,"s:11:2:11:Infinity":2,"s:12:8:12:32":3,"s:14:17:14:Infinity":4,"b:14:17:14:34:14:34:14:Infinity":0,"s:20:4:27:4":5,"f:23:4:23:19":1,"b:24:6:24:Infinity:undefined:undefined:undefined:undefined":1,"s:24:6:24:Infinity":6,"s:24:19:24:Infinity":7,"s:25:6:25:Infinity":8,"b:29:2:29:Infinity:undefined:undefined:undefined:undefined":2,"s:29:2:29:Infinity":9,"s:29:13:29:Infinity":10,"f:32:17:32:34":2,"s:33:4:33:Infinity":11,"s:34:4:34:Infinity":12,"s:35:4:35:Infinity":13,"s:38:2:62:Infinity":14,"b:41:8:44:11:44:10:60:Infinity":3,"b:45:8:47:9:47:8:60:Infinity":4,"f:56:14:56:33":3,"s:56:33:56:Infinity":15}}}
,"E:\\Front\\react\\class-comp\\src\\components\\loading\\loading.tsx": {"path":"E:\\Front\\react\\class-comp\\src\\components\\loading\\loading.tsx","statementMap":{"0":{"start":{"line":55,"column":13},"end":{"line":80,"column":null}},"1":{"start":{"line":56,"column":20},"end":{"line":56,"column":56}},"2":{"start":{"line":59,"column":19},"end":{"line":59,"column":68}},"3":{"start":{"line":59,"column":64},"end":{"line":59,"column":68}},"4":{"start":{"line":61,"column":2},"end":{"line":67,"column":null}},"5":{"start":{"line":62,"column":23},"end":{"line":64,"column":11}},"6":{"start":{"line":63,"column":6},"end":{"line":63,"column":null}},"7":{"start":{"line":63,"column":31},"end":{"line":63,"column":69}},"8":{"start":{"line":66,"column":4},"end":{"line":66,"column":null}},"9":{"start":{"line":66,"column":17},"end":{"line":66,"column":42}},"10":{"start":{"line":69,"column":2},"end":{"line":80,"column":null}},"11":{"start":{"line":72,"column":8},"end":{"line":77,"column":null}}},"fnMap":{"0":{"name":"(anonymous_0)","decl":{"start":{"line":55,"column":13},"end":{"line":55,"column":24}},"loc":{"start":{"line":55,"column":63},"end":{"line":80,"column":null}},"line":55},"1":{"name":"(anonymous_1)","decl":{"start":{"line":59,"column":50},"end":{"line":59,"column":53}},"loc":{"start":{"line":59,"column":64},"end":{"line":59,"column":68}},"line":59},"2":{"name":"(anonymous_2)","decl":{"start":{"line":61,"column":2},"end":{"line":61,"column":18}},"loc":{"start":{"line":61,"column":18},"end":{"line":67,"column":6}},"line":61},"3":{"name":"(anonymous_3)","decl":{"start":{"line":62,"column":23},"end":{"line":62,"column":41}},"loc":{"start":{"line":62,"column":41},"end":{"line":64,"column":11}},"line":62},"4":{"name":"(anonymous_4)","decl":{"start":{"line":63,"column":6},"end":{"line":63,"column":21}},"loc":{"start":{"line":63,"column":31},"end":{"line":63,"column":69}},"line":63},"5":{"name":"(anonymous_5)","decl":{"start":{"line":66,"column":4},"end":{"line":66,"column":17}},"loc":{"start":{"line":66,"column":17},"end":{"line":66,"column":42}},"line":66},"6":{"name":"(anonymous_6)","decl":{"start":{"line":71,"column":16},"end":{"line":71,"column":21}},"loc":{"start":{"line":71,"column":34},"end":{"line":77,"column":null}},"line":71}},"branchMap":{"0":{"loc":{"start":{"line":63,"column":31},"end":{"line":63,"column":69}},"type":"cond-expr","locations":[{"start":{"line":63,"column":55},"end":{"line":63,"column":59}},{"start":{"line":63,"column":59},"end":{"line":63,"column":69}}],"line":63},"1":{"loc":{"start":{"line":76,"column":23},"end":{"line":76,"column":null}},"type":"cond-expr","locations":[{"start":{"line":76,"column":45},"end":{"line":76,"column":61}},{"start":{"line":76,"column":61},"end":{"line":76,"column":null}}],"line":76}},"s":{"0":5,"1":52,"2":52,"3":384,"4":52,"5":17,"6":16,"7":16,"8":17,"9":17,"10":52,"11":384},"f":{"0":52,"1":384,"2":17,"3":16,"4":16,"5":17,"6":384},"b":{"0":[1,15],"1":[52,332]},"meta":{"lastBranch":2,"lastFunction":7,"lastStatement":12,"seen":{"s:55:13:80:Infinity":0,"f:55:13:55:24":0,"s:56:20:56:56":1,"s:59:19:59:68":2,"f:59:50:59:53":1,"s:59:64:59:68":3,"s:61:2:67:Infinity":4,"f:61:2:61:18":2,"s:62:23:64:11":5,"f:62:23:62:41":3,"s:63:6:63:Infinity":6,"f:63:6:63:21":4,"s:63:31:63:69":7,"b:63:55:63:59:63:59:63:69":0,"s:66:4:66:Infinity":8,"f:66:4:66:17":5,"s:66:17:66:42":9,"s:69:2:80:Infinity":10,"f:71:16:71:21":6,"s:72:8:77:Infinity":11,"b:76:45:76:61:76:61:76:Infinity":1}}}
,"E:\\Front\\react\\class-comp\\src\\components\\modal\\modal.tsx": {"path":"E:\\Front\\react\\class-comp\\src\\components\\modal\\modal.tsx","statementMap":{"0":{"start":{"line":7,"column":13},"end":{"line":36,"column":null}},"1":{"start":{"line":8,"column":2},"end":{"line":23,"column":null}},"2":{"start":{"line":10,"column":10},"end":{"line":12,"column":null}},"3":{"start":{"line":11,"column":6},"end":{"line":12,"column":null}},"4":{"start":{"line":12,"column":8},"end":{"line":12,"column":null}},"5":{"start":{"line":17,"column":4},"end":{"line":17,"column":null}},"6":{"start":{"line":20,"column":4},"end":{"line":21,"column":null}},"7":{"start":{"line":21,"column":6},"end":{"line":21,"column":null}},"8":{"start":{"line":25,"column":2},"end":{"line":25,"column":null}},"9":{"start":{"line":25,"column":15},"end":{"line":25,"column":null}},"10":{"start":{"line":27,"column":2},"end":{"line":36,"column":null}},"11":{"start":{"line":29,"column":48},"end":{"line":29,"column":67}}},"fnMap":{"0":{"name":"(anonymous_0)","decl":{"start":{"line":7,"column":13},"end":{"line":7,"column":22}},"loc":{"start":{"line":7,"column":68},"end":{"line":36,"column":null}},"line":7},"1":{"name":"(anonymous_1)","decl":{"start":{"line":8,"column":2},"end":{"line":8,"column":18}},"loc":{"start":{"line":8,"column":18},"end":{"line":23,"column":null}},"line":8},"2":{"name":"(anonymous_2)","decl":{"start":{"line":10,"column":10},"end":{"line":10,"column":23}},"loc":{"start":{"line":10,"column":44},"end":{"line":12,"column":null}},"line":10},"3":{"name":"(anonymous_3)","decl":{"start":{"line":20,"column":4},"end":{"line":20,"column":17}},"loc":{"start":{"line":20,"column":17},"end":{"line":21,"column":null}},"line":20},"4":{"name":"(anonymous_4)","decl":{"start":{"line":29,"column":32},"end":{"line":29,"column":42}},"loc":{"start":{"line":29,"column":48},"end":{"line":29,"column":67}},"line":29}},"branchMap":{"0":{"loc":{"start":{"line":11,"column":6},"end":{"line":12,"column":null}},"type":"if","locations":[{"start":{"line":11,"column":6},"end":{"line":12,"column":null}},{"start":{},"end":{}}],"line":11},"1":{"loc":{"start":{"line":25,"column":2},"end":{"line":25,"column":null}},"type":"if","locations":[{"start":{"line":25,"column":2},"end":{"line":25,"column":null}},{"start":{},"end":{}}],"line":25}},"s":{"0":4,"1":78,"2":77,"3":20,"4":0,"5":77,"6":77,"7":77,"8":78,"9":78,"10":0,"11":0},"f":{"0":78,"1":77,"2":20,"3":77,"4":0},"b":{"0":[0,20],"1":[78,0]},"meta":{"lastBranch":2,"lastFunction":5,"lastStatement":12,"seen":{"s:7:13:36:Infinity":0,"f:7:13:7:22":0,"s:8:2:23:Infinity":1,"f:8:2:8:18":1,"s:10:10:12:Infinity":2,"f:10:10:10:23":2,"b:11:6:12:Infinity:undefined:undefined:undefined:undefined":0,"s:11:6:12:Infinity":3,"s:12:8:12:Infinity":4,"s:17:4:17:Infinity":5,"s:20:4:21:Infinity":6,"f:20:4:20:17":3,"s:21:6:21:Infinity":7,"b:25:2:25:Infinity:undefined:undefined:undefined:undefined":1,"s:25:2:25:Infinity":8,"s:25:15:25:Infinity":9,"s:27:2:36:Infinity":10,"f:29:32:29:42":4,"s:29:48:29:67":11}}}
,"E:\\Front\\react\\class-comp\\src\\components\\navigation\\navigation.tsx": {"path":"E:\\Front\\react\\class-comp\\src\\components\\navigation\\navigation.tsx","statementMap":{"0":{"start":{"line":8,"column":13},"end":{"line":26,"column":null}},"1":{"start":{"line":9,"column":8},"end":{"line":10,"column":null}},"2":{"start":{"line":10,"column":4},"end":{"line":10,"column":null}},"3":{"start":{"line":12,"column":17},"end":{"line":12,"column":57}},"4":{"start":{"line":14,"column":2},"end":{"line":26,"column":null}},"5":{"start":{"line":25,"column":27},"end":{"line":25,"column":null}}},"fnMap":{"0":{"name":"(anonymous_0)","decl":{"start":{"line":8,"column":13},"end":{"line":8,"column":32}},"loc":{"start":{"line":8,"column":32},"end":{"line":26,"column":null}},"line":8},"1":{"name":"(anonymous_1)","decl":{"start":{"line":9,"column":8},"end":{"line":9,"column":24}},"loc":{"start":{"line":10,"column":4},"end":{"line":10,"column":null}},"line":10},"2":{"name":"(anonymous_2)","decl":{"start":{"line":25,"column":8},"end":{"line":25,"column":27}},"loc":{"start":{"line":25,"column":27},"end":{"line":25,"column":null}},"line":25}},"branchMap":{"0":{"loc":{"start":{"line":10,"column":4},"end":{"line":10,"column":null}},"type":"cond-expr","locations":[{"start":{"line":10,"column":15},"end":{"line":10,"column":26}},{"start":{"line":10,"column":26},"end":{"line":10,"column":null}}],"line":10},"1":{"loc":{"start":{"line":24,"column":17},"end":{"line":24,"column":null}},"type":"cond-expr","locations":[{"start":{"line":24,"column":36},"end":{"line":24,"column":46}},{"start":{"line":24,"column":46},"end":{"line":24,"column":null}}],"line":24}},"s":{"0":1,"1":0,"2":0,"3":0,"4":0,"5":0},"f":{"0":0,"1":0,"2":0},"b":{"0":[0,0],"1":[0,0]},"meta":{"lastBranch":2,"lastFunction":3,"lastStatement":6,"seen":{"s:8:13:26:Infinity":0,"f:8:13:8:32":0,"s:9:8:10:Infinity":1,"f:9:8:9:24":1,"s:10:4:10:Infinity":2,"b:10:15:10:26:10:26:10:Infinity":0,"s:12:17:12:57":3,"s:14:2:26:Infinity":4,"b:24:36:24:46:24:46:24:Infinity":1,"f:25:8:25:27":2,"s:25:27:25:Infinity":5}}}
,"E:\\Front\\react\\class-comp\\src\\components\\pagination\\pagination.tsx": {"path":"E:\\Front\\react\\class-comp\\src\\components\\pagination\\pagination.tsx","statementMap":{"0":{"start":{"line":7,"column":13},"end":{"line":52,"column":null}},"1":{"start":{"line":9,"column":19},"end":{"line":9,"column":74}},"2":{"start":{"line":9,"column":66},"end":{"line":9,"column":74}},"3":{"start":{"line":11,"column":8},"end":{"line":11,"column":60}},"4":{"start":{"line":11,"column":42},"end":{"line":11,"column":60}},"5":{"start":{"line":12,"column":8},"end":{"line":12,"column":66}},"6":{"start":{"line":12,"column":45},"end":{"line":12,"column":66}},"7":{"start":{"line":14,"column":8},"end":{"line":14,"column":28}},"8":{"start":{"line":15,"column":8},"end":{"line":15,"column":32}},"9":{"start":{"line":16,"column":9},"end":{"line":16,"column":42}},"10":{"start":{"line":17,"column":20},"end":{"line":17,"column":null}},"11":{"start":{"line":21,"column":4},"end":{"line":21,"column":null}},"12":{"start":{"line":22,"column":4},"end":{"line":22,"column":null}},"13":{"start":{"line":23,"column":4},"end":{"line":23,"column":null}},"14":{"start":{"line":26,"column":2},"end":{"line":37,"column":null}},"15":{"start":{"line":27,"column":4},"end":{"line":33,"column":null}},"16":{"start":{"line":31,"column":6},"end":{"line":31,"column":null}},"17":{"start":{"line":32,"column":6},"end":{"line":32,"column":null}},"18":{"start":{"line":33,"column":6},"end":{"line":33,"column":null}},"19":{"start":{"line":36,"column":4},"end":{"line":36,"column":null}},"20":{"start":{"line":39,"column":2},"end":{"line":52,"column":null}},"21":{"start":{"line":42,"column":8},"end":{"line":49,"column":null}},"22":{"start":{"line":46,"column":27},"end":{"line":46,"column":46}}},"fnMap":{"0":{"name":"(anonymous_0)","decl":{"start":{"line":7,"column":13},"end":{"line":7,"column":27}},"loc":{"start":{"line":7,"column":63},"end":{"line":52,"column":null}},"line":7},"1":{"name":"(anonymous_1)","decl":{"start":{"line":9,"column":52},"end":{"line":9,"column":55}},"loc":{"start":{"line":9,"column":66},"end":{"line":9,"column":74}},"line":9},"2":{"name":"(anonymous_2)","decl":{"start":{"line":11,"column":22},"end":{"line":11,"column":32}},"loc":{"start":{"line":11,"column":42},"end":{"line":11,"column":60}},"line":11},"3":{"name":"(anonymous_3)","decl":{"start":{"line":12,"column":25},"end":{"line":12,"column":35}},"loc":{"start":{"line":12,"column":45},"end":{"line":12,"column":66}},"line":12},"4":{"name":"changePage","decl":{"start":{"line":20,"column":11},"end":{"line":20,"column":22}},"loc":{"start":{"line":20,"column":43},"end":{"line":23,"column":null}},"line":20},"5":{"name":"(anonymous_5)","decl":{"start":{"line":26,"column":2},"end":{"line":26,"column":18}},"loc":{"start":{"line":26,"column":18},"end":{"line":37,"column":6}},"line":26},"6":{"name":"(anonymous_6)","decl":{"start":{"line":41,"column":16},"end":{"line":41,"column":21}},"loc":{"start":{"line":41,"column":33},"end":{"line":49,"column":null}},"line":41},"7":{"name":"(anonymous_7)","decl":{"start":{"line":46,"column":12},"end":{"line":46,"column":27}},"loc":{"start":{"line":46,"column":27},"end":{"line":46,"column":46}},"line":46}},"branchMap":{"0":{"loc":{"start":{"line":17,"column":20},"end":{"line":17,"column":null}},"type":"binary-expr","locations":[{"start":{"line":17,"column":20},"end":{"line":17,"column":46}},{"start":{"line":17,"column":50},"end":{"line":17,"column":null}}],"line":17},"1":{"loc":{"start":{"line":27,"column":4},"end":{"line":33,"column":null}},"type":"if","locations":[{"start":{"line":27,"column":4},"end":{"line":33,"column":null}},{"start":{},"end":{}}],"line":27},"2":{"loc":{"start":{"line":28,"column":6},"end":{"line":29,"column":null}},"type":"binary-expr","locations":[{"start":{"line":28,"column":6},"end":{"line":28,"column":null}},{"start":{"line":29,"column":7},"end":{"line":29,"column":35}},{"start":{"line":29,"column":39},"end":{"line":29,"column":null}}],"line":28},"3":{"loc":{"start":{"line":36,"column":26},"end":{"line":36,"column":45}},"type":"binary-expr","locations":[{"start":{"line":36,"column":26},"end":{"line":36,"column":43}},{"start":{"line":36,"column":43},"end":{"line":36,"column":45}}],"line":36},"4":{"loc":{"start":{"line":44,"column":23},"end":{"line":44,"column":null}},"type":"cond-expr","locations":[{"start":{"line":44,"column":49},"end":{"line":44,"column":62}},{"start":{"line":44,"column":62},"end":{"line":44,"column":null}}],"line":44}},"s":{"0":4,"1":44,"2":0,"3":44,"4":177,"5":44,"6":177,"7":44,"8":44,"9":44,"10":44,"11":0,"12":0,"13":0,"14":44,"15":9,"16":0,"17":0,"18":0,"19":9,"20":44,"21":0,"22":0},"f":{"0":44,"1":0,"2":177,"3":177,"4":0,"5":9,"6":0,"7":0},"b":{"0":[44,11],"1":[0,9],"2":[9,0,0],"3":[9,9],"4":[0,0]},"meta":{"lastBranch":5,"lastFunction":8,"lastStatement":23,"seen":{"s:7:13:52:Infinity":0,"f:7:13:7:27":0,"s:9:19:9:74":1,"f:9:52:9:55":1,"s:9:66:9:74":2,"s:11:8:11:60":3,"f:11:22:11:32":2,"s:11:42:11:60":4,"s:12:8:12:66":5,"f:12:25:12:35":3,"s:12:45:12:66":6,"s:14:8:14:28":7,"s:15:8:15:32":8,"s:16:9:16:42":9,"s:17:20:17:Infinity":10,"b:17:20:17:46:17:50:17:Infinity":0,"f:20:11:20:22":4,"s:21:4:21:Infinity":11,"s:22:4:22:Infinity":12,"s:23:4:23:Infinity":13,"s:26:2:37:Infinity":14,"f:26:2:26:18":5,"b:27:4:33:Infinity:undefined:undefined:undefined:undefined":1,"s:27:4:33:Infinity":15,"b:28:6:28:Infinity:29:7:29:35:29:39:29:Infinity":2,"s:31:6:31:Infinity":16,"s:32:6:32:Infinity":17,"s:33:6:33:Infinity":18,"s:36:4:36:Infinity":19,"b:36:26:36:43:36:43:36:45":3,"s:39:2:52:Infinity":20,"f:41:16:41:21":6,"s:42:8:49:Infinity":21,"b:44:49:44:62:44:62:44:Infinity":4,"f:46:12:46:27":7,"s:46:27:46:46":22}}}
,"E:\\Front\\react\\class-comp\\src\\components\\result-bottom\\results.tsx": {"path":"E:\\Front\\react\\class-comp\\src\\components\\result-bottom\\results.tsx","statementMap":{"0":{"start":{"line":5,"column":13},"end":{"line":28,"column":null}},"1":{"start":{"line":16,"column":2},"end":{"line":28,"column":null}},"2":{"start":{"line":19,"column":8},"end":{"line":19,"column":null}}},"fnMap":{"0":{"name":"(anonymous_0)","decl":{"start":{"line":5,"column":13},"end":{"line":5,"column":23}},"loc":{"start":{"line":15,"column":6},"end":{"line":28,"column":null}},"line":15},"1":{"name":"(anonymous_1)","decl":{"start":{"line":18,"column":20},"end":{"line":18,"column":25}},"loc":{"start":{"line":19,"column":8},"end":{"line":19,"column":null}},"line":19}},"branchMap":{"0":{"loc":{"start":{"line":22,"column":7},"end":{"line":28,"column":null}},"type":"cond-expr","locations":[{"start":{"line":23,"column":8},"end":{"line":28,"column":9}},{"start":{"line":28,"column":8},"end":{"line":28,"column":null}}],"line":22},"1":{"loc":{"start":{"line":22,"column":7},"end":{"line":22,"column":null}},"type":"binary-expr","locations":[{"start":{"line":22,"column":7},"end":{"line":22,"column":16}},{"start":{"line":22,"column":16},"end":{"line":22,"column":null}}],"line":22},"2":{"loc":{"start":{"line":24,"column":26},"end":{"line":24,"column":65}},"type":"binary-expr","locations":[{"start":{"line":24,"column":26},"end":{"line":24,"column":44}},{"start":{"line":24,"column":44},"end":{"line":24,"column":65}}],"line":24}},"s":{"0":5,"1":48,"2":45},"f":{"0":48,"1":45},"b":{"0":[3,42],"1":[48,44],"2":[3,2]},"meta":{"lastBranch":3,"lastFunction":2,"lastStatement":3,"seen":{"s:5:13:28:Infinity":0,"f:5:13:5:23":0,"s:16:2:28:Infinity":1,"f:18:20:18:25":1,"s:19:8:19:Infinity":2,"b:23:8:28:9:28:8:28:Infinity":0,"b:22:7:22:16:22:16:22:Infinity":1,"b:24:26:24:44:24:44:24:65":2}}}
,"E:\\Front\\react\\class-comp\\src\\components\\result-bottom\\tableresult.tsx": {"path":"E:\\Front\\react\\class-comp\\src\\components\\result-bottom\\tableresult.tsx","statementMap":{"0":{"start":{"line":9,"column":13},"end":{"line":102,"column":null}},"1":{"start":{"line":10,"column":8},"end":{"line":10,"column":66}},"2":{"start":{"line":10,"column":45},"end":{"line":10,"column":66}},"3":{"start":{"line":11,"column":8},"end":{"line":11,"column":70}},"4":{"start":{"line":11,"column":47},"end":{"line":11,"column":70}},"5":{"start":{"line":12,"column":8},"end":{"line":12,"column":64}},"6":{"start":{"line":12,"column":44},"end":{"line":12,"column":64}},"7":{"start":{"line":13,"column":8},"end":{"line":13,"column":70}},"8":{"start":{"line":13,"column":47},"end":{"line":13,"column":70}},"9":{"start":{"line":15,"column":8},"end":{"line":15,"column":38}},"10":{"start":{"line":21,"column":8},"end":{"line":30,"column":4}},"11":{"start":{"line":23,"column":6},"end":{"line":23,"column":null}},"12":{"start":{"line":24,"column":6},"end":{"line":24,"column":null}},"13":{"start":{"line":24,"column":38},"end":{"line":24,"column":63}},"14":{"start":{"line":27,"column":6},"end":{"line":27,"column":null}},"15":{"start":{"line":28,"column":6},"end":{"line":28,"column":null}},"16":{"start":{"line":32,"column":8},"end":{"line":32,"column":28}},"17":{"start":{"line":33,"column":8},"end":{"line":33,"column":32}},"18":{"start":{"line":36,"column":24},"end":{"line":37,"column":null}},"19":{"start":{"line":40,"column":2},"end":{"line":42,"column":null}},"20":{"start":{"line":41,"column":4},"end":{"line":41,"column":null}},"21":{"start":{"line":42,"column":4},"end":{"line":42,"column":null}},"22":{"start":{"line":46,"column":22},"end":{"line":46,"column":null}},"23":{"start":{"line":49,"column":19},"end":{"line":49,"column":null}},"24":{"start":{"line":50,"column":4},"end":{"line":50,"column":null}},"25":{"start":{"line":52,"column":4},"end":{"line":52,"column":null}},"26":{"start":{"line":53,"column":4},"end":{"line":53,"column":null}},"27":{"start":{"line":54,"column":4},"end":{"line":54,"column":null}},"28":{"start":{"line":59,"column":4},"end":{"line":59,"column":null}},"29":{"start":{"line":60,"column":4},"end":{"line":60,"column":null}},"30":{"start":{"line":61,"column":4},"end":{"line":61,"column":null}},"31":{"start":{"line":64,"column":2},"end":{"line":102,"column":null}},"32":{"start":{"line":73,"column":12},"end":{"line":89,"column":null}},"33":{"start":{"line":79,"column":18},"end":{"line":79,"column":null}},"34":{"start":{"line":85,"column":54},"end":{"line":85,"column":75}},"35":{"start":{"line":86,"column":34},"end":{"line":86,"column":56}},"36":{"start":{"line":87,"column":34},"end":{"line":87,"column":null}},"37":{"start":{"line":102,"column":51},"end":{"line":102,"column":73}}},"fnMap":{"0":{"name":"(anonymous_0)","decl":{"start":{"line":9,"column":13},"end":{"line":9,"column":28}},"loc":{"start":{"line":9,"column":71},"end":{"line":102,"column":null}},"line":9},"1":{"name":"(anonymous_1)","decl":{"start":{"line":10,"column":25},"end":{"line":10,"column":35}},"loc":{"start":{"line":10,"column":45},"end":{"line":10,"column":66}},"line":10},"2":{"name":"(anonymous_2)","decl":{"start":{"line":11,"column":27},"end":{"line":11,"column":37}},"loc":{"start":{"line":11,"column":47},"end":{"line":11,"column":70}},"line":11},"3":{"name":"(anonymous_3)","decl":{"start":{"line":12,"column":24},"end":{"line":12,"column":34}},"loc":{"start":{"line":12,"column":44},"end":{"line":12,"column":64}},"line":12},"4":{"name":"(anonymous_4)","decl":{"start":{"line":13,"column":27},"end":{"line":13,"column":37}},"loc":{"start":{"line":13,"column":47},"end":{"line":13,"column":70}},"line":13},"5":{"name":"(anonymous_5)","decl":{"start":{"line":22,"column":4},"end":{"line":22,"column":17}},"loc":{"start":{"line":22,"column":36},"end":{"line":24,"column":null}},"line":22},"6":{"name":"(anonymous_6)","decl":{"start":{"line":24,"column":17},"end":{"line":24,"column":26}},"loc":{"start":{"line":24,"column":38},"end":{"line":24,"column":63}},"line":24},"7":{"name":"(anonymous_7)","decl":{"start":{"line":26,"column":4},"end":{"line":26,"column":16}},"loc":{"start":{"line":26,"column":34},"end":{"line":28,"column":null}},"line":26},"8":{"name":"changeHeroId","decl":{"start":{"line":48,"column":11},"end":{"line":48,"column":24}},"loc":{"start":{"line":48,"column":52},"end":{"line":54,"column":null}},"line":48},"9":{"name":"updateHeroes","decl":{"start":{"line":58,"column":17},"end":{"line":58,"column":32}},"loc":{"start":{"line":58,"column":32},"end":{"line":61,"column":null}},"line":58},"10":{"name":"(anonymous_10)","decl":{"start":{"line":72,"column":29},"end":{"line":72,"column":34}},"loc":{"start":{"line":72,"column":50},"end":{"line":89,"column":null}},"line":72},"11":{"name":"(anonymous_11)","decl":{"start":{"line":78,"column":16},"end":{"line":78,"column":31}},"loc":{"start":{"line":78,"column":31},"end":{"line":79,"column":null}},"line":78},"12":{"name":"(anonymous_12)","decl":{"start":{"line":85,"column":42},"end":{"line":85,"column":48}},"loc":{"start":{"line":85,"column":54},"end":{"line":85,"column":75}},"line":85},"13":{"name":"(anonymous_13)","decl":{"start":{"line":86,"column":18},"end":{"line":86,"column":34}},"loc":{"start":{"line":86,"column":34},"end":{"line":86,"column":56}},"line":86},"14":{"name":"(anonymous_14)","decl":{"start":{"line":87,"column":18},"end":{"line":87,"column":28}},"loc":{"start":{"line":87,"colum
[...]
ine":25,"column":8},"end":{"line":26,"column":null}},"type":"if","locations":[{"start":{"line":25,"column":8},"end":{"line":26,"column":null}},{"start":{},"end":{}}],"line":25},"2":{"loc":{"start":{"line":31,"column":8},"end":{"line":32,"column":null}},"type":"if","locations":[{"start":{"line":31,"column":8},"end":{"line":32,"column":null}},{"start":{},"end":{}}],"line":31},"3":{"loc":{"start":{"line":36,"column":8},"end":{"line":37,"column":null}},"type":"if","locations":[{"start":{"line":36,"column":8},"end":{"line":37,"column":null}},{"start":{},"end":{}}],"line":36},"4":{"loc":{"start":{"line":36,"column":12},"end":{"line":36,"column":66}},"type":"binary-expr","locations":[{"start":{"line":36,"column":12},"end":{"line":36,"column":38}},{"start":{"line":36,"column":42},"end":{"line":36,"column":66}}],"line":36},"5":{"loc":{"start":{"line":57,"column":12},"end":{"line":59,"column":null}},"type":"binary-expr","locations":[{"start":{"line":57,"column":12},"end":{"line":57,"column":null}},{"start":{"line":58,"column":12},"end":{"line":58,"column":77}},{"start":{"line":59,"column":12},"end":{"line":59,"column":null}}],"line":57},"6":{"loc":{"start":{"line":74,"column":6},"end":{"line":79,"column":null}},"type":"if","locations":[{"start":{"line":74,"column":6},"end":{"line":79,"column":null}},{"start":{},"end":{}}],"line":74}},"s":{"0":4,"1":0,"2":0,"3":0,"4":0,"5":0,"6":0,"7":0,"8":0,"9":0,"10":0,"11":0,"12":0,"13":0,"14":0,"15":0,"16":0,"17":0,"18":0},"f":{"0":0,"1":0,"2":0,"3":0,"4":0,"5":0},"b":{"0":[0,0],"1":[0,0],"2":[0,0],"3":[0,0],"4":[0,0],"5":[0,0,0],"6":[0,0]},"meta":{"lastBranch":7,"lastFunction":6,"lastStatement":19,"seen":{"s:5:13:81:Infinity":0,"f:5:13:5:27":0,"s:6:2:81:Infinity":1,"f:15:24:15:32":1,"s:16:22:16:36":2,"b:19:8:20:Infinity:undefined:undefined:undefined:undefined":0,"s:19:8:20:Infinity":3,"s:20:10:20:Infinity":4,"s:24:26:24:Infinity":5,"b:25:8:26:Infinity:undefined:undefined:undefined:undefined":1,"s:25:8:26:Infinity":6,"s:26:10:26:Infinity":7,"s:30:27:30:Infinity":8,"b:31:8:32:Infinity:undefined:undefined:undefined:undefined":2,"s:31:8:32:Infinity":9,"s:32:10:32:Infinity":10,"b:36:8:37:Infinity:undefined:undefined:undefined:undefined":3,"s:36:8:37:Infinity":11,"b:36:12:36:38:36:42:36:66":4,"s:37:10:37:Infinity":12,"s:41:8:41:Infinity":13,"f:44:25:44:33":2,"s:44:41:44:55":14,"f:55:9:55:Infinity":3,"s:57:12:59:Infinity":15,"b:57:12:57:Infinity:58:12:58:77:59:12:59:Infinity":5,"f:64:9:64:Infinity":4,"s:65:19:65:44":16,"f:73:5:73:18":5,"b:74:6:79:Infinity:undefined:undefined:undefined:undefined":6,"s:74:6:79:Infinity":17,"s:75:8:79:Infinity":18}}}
,"E:\\Front\\react\\class-comp\\src\\store\\ThemeContext.tsx": {"path":"E:\\Front\\react\\class-comp\\src\\store\\ThemeContext.tsx","statementMap":{"0":{"start":{"line":4,"column":28},"end":{"line":7,"column":2}},"1":{"start":{"line":9,"column":13},"end":{"line":24,"column":null}},"2":{"start":{"line":10,"column":16},"end":{"line":10,"column":44}},"3":{"start":{"line":13,"column":4},"end":{"line":13,"column":null}},"4":{"start":{"line":13,"column":24},"end":{"line":13,"column":60}},"5":{"start":{"line":17,"column":2},"end":{"line":19,"column":null}},"6":{"start":{"line":18,"column":4},"end":{"line":18,"column":null}},"7":{"start":{"line":21,"column":2},"end":{"line":24,"column":null}}},"fnMap":{"0":{"name":"(anonymous_0)","decl":{"start":{"line":6,"column":2},"end":{"line":6,"column":21}},"loc":{"start":{"line":6,"column":21},"end":{"line":6,"column":null}},"line":6},"1":{"name":"(anonymous_1)","decl":{"start":{"line":9,"column":13},"end":{"line":9,"column":30}},"loc":{"start":{"line":9,"column":72},"end":{"line":24,"column":null}},"line":9},"2":{"name":"toggleTheme","decl":{"start":{"line":12,"column":11},"end":{"line":12,"column":25}},"loc":{"start":{"line":12,"column":25},"end":{"line":13,"column":null}},"line":12},"3":{"name":"(anonymous_3)","decl":{"start":{"line":13,"column":4},"end":{"line":13,"column":14}},"loc":{"start":{"line":13,"column":24},"end":{"line":13,"column":60}},"line":13},"4":{"name":"(anonymous_4)","decl":{"start":{"line":17,"column":2},"end":{"line":17,"column":18}},"loc":{"start":{"line":17,"column":18},"end":{"line":19,"column":6}},"line":17}},"branchMap":{"0":{"loc":{"start":{"line":13,"column":24},"end":{"line":13,"column":60}},"type":"cond-expr","locations":[{"start":{"line":13,"column":42},"end":{"line":13,"column":52}},{"start":{"line":13,"column":52},"end":{"line":13,"column":60}}],"line":13}},"s":{"0":1,"1":1,"2":1,"3":0,"4":0,"5":1,"6":1,"7":1},"f":{"0":0,"1":1,"2":0,"3":0,"4":1},"b":{"0":[0,0]},"meta":{"lastBranch":1,"lastFunction":5,"lastStatement":8,"seen":{"s:4:28:7:2":0,"f:6:2:6:21":0,"s:9:13:24:Infinity":1,"f:9:13:9:30":1,"s:10:16:10:44":2,"f:12:11:12:25":2,"s:13:4:13:Infinity":3,"f:13:4:13:14":3,"s:13:24:13:60":4,"b:13:42:13:52:13:52:13:60":0,"s:17:2:19:Infinity":5,"f:17:2:17:18":4,"s:18:4:18:Infinity":6,"s:21:2:24:Infinity":7}}}
,"E:\\Front\\react\\class-comp\\src\\store\\store.ts": {"path":"E:\\Front\\react\\class-comp\\src\\store\\store.ts","statementMap":{"0":{"start":{"line":4,"column":13},"end":{"line":143,"column":3}},"1":{"start":{"line":4,"column":53},"end":{"line":143,"column":3}},"2":{"start":{"line":88,"column":4},"end":{"line":90,"column":null}},"3":{"start":{"line":88,"column":20},"end":{"line":89,"column":null}},"4":{"start":{"line":95,"column":4},"end":{"line":97,"column":null}},"5":{"start":{"line":95,"column":20},"end":{"line":96,"column":null}},"6":{"start":{"line":96,"column":50},"end":{"line":96,"column":73}},"7":{"start":{"line":102,"column":4},"end":{"line":102,"column":null}},"8":{"start":{"line":107,"column":4},"end":{"line":107,"column":null}},"9":{"start":{"line":112,"column":4},"end":{"line":116,"column":7}},"10":{"start":{"line":112,"column":20},"end":{"line":115,"column":null}},"11":{"start":{"line":113,"column":55},"end":{"line":113,"column":76}},"12":{"start":{"line":114,"column":45},"end":{"line":114,"column":66}},"13":{"start":{"line":119,"column":23},"end":{"line":119,"column":50}},"14":{"start":{"line":123,"column":19},"end":{"line":123,"column":null}},"15":{"start":{"line":125,"column":16},"end":{"line":128,"column":16}},"16":{"start":{"line":127,"column":27},"end":{"line":127,"column":79}},"17":{"start":{"line":130,"column":17},"end":{"line":130,"column":54}},"18":{"start":{"line":132,"column":17},"end":{"line":132,"column":44}},"19":{"start":{"line":134,"column":4},"end":{"line":134,"column":null}},"20":{"start":{"line":136,"column":4},"end":{"line":136,"column":null}},"21":{"start":{"line":138,"column":4},"end":{"line":138,"column":null}},"22":{"start":{"line":140,"column":4},"end":{"line":140,"column":null}},"23":{"start":{"line":141,"column":4},"end":{"line":141,"column":null}}},"fnMap":{"0":{"name":"(anonymous_0)","decl":{"start":{"line":4,"column":24},"end":{"line":4,"column":39}},"loc":{"start":{"line":4,"column":53},"end":{"line":143,"column":3}},"line":4},"1":{"name":"(anonymous_1)","decl":{"start":{"line":87,"column":2},"end":{"line":87,"column":12}},"loc":{"start":{"line":87,"column":30},"end":{"line":90,"column":null}},"line":87},"2":{"name":"(anonymous_2)","decl":{"start":{"line":88,"column":4},"end":{"line":88,"column":9}},"loc":{"start":{"line":88,"column":20},"end":{"line":89,"column":null}},"line":88},"3":{"name":"(anonymous_3)","decl":{"start":{"line":94,"column":2},"end":{"line":94,"column":15}},"loc":{"start":{"line":94,"column":40},"end":{"line":97,"column":null}},"line":94},"4":{"name":"(anonymous_4)","decl":{"start":{"line":95,"column":4},"end":{"line":95,"column":9}},"loc":{"start":{"line":95,"column":20},"end":{"line":96,"column":null}},"line":95},"5":{"name":"(anonymous_5)","decl":{"start":{"line":96,"column":29},"end":{"line":96,"column":37}},"loc":{"start":{"line":96,"column":50},"end":{"line":96,"column":73}},"line":96},"6":{"name":"(anonymous_6)","decl":{"start":{"line":101,"column":2},"end":{"line":101,"column":18}},"loc":{"start":{"line":101,"column":36},"end":{"line":102,"column":null}},"line":101},"7":{"name":"(anonymous_7)","decl":{"start":{"line":106,"column":2},"end":{"line":106,"column":19}},"loc":{"start":{"line":106,"column":36},"end":{"line":107,"column":null}},"line":106},"8":{"name":"(anonymous_8)","decl":{"start":{"line":111,"column":2},"end":{"line":111,"column":21}},"loc":{"start":{"line":112,"column":4},"end":{"line":116,"column":7}},"line":112},"9":{"name":"(anonymous_9)","decl":{"start":{"line":112,"column":4},"end":{"line":112,"column":9}},"loc":{"start":{"line":112,"column":20},"end":{"line":115,"column":null}},"line":112},"10":{"name":"(anonymous_10)","decl":{"start":{"line":113,"column":43},"end":{"line":113,"column":49}},"loc":{"start":{"line":113,"column":55},"end":{"line":113,"column":76}},"line":113},"11":{"name":"(anonymous_11)","decl":{"start":{"line":114,"column":31},"end":{"line":114,"column":39}},"loc":{"start":{"line":114,"column":45},"end":{"line":114,"column":66}},"line":114},"12":{"name":"(anonymous_12)","decl":{"start":{"line":119,"column":2},"end":{"line":119,"column":23}},"loc":{"start":{"line":119,"column":23},"end":{"line":119,"column":50}},"line":119},"13":{"name":"(anonymous_13)","decl":{"start":{"line":122,"column":2},"end":{"line":122,"column":26}},"loc":{"start":{"line":122,"column":26},"end":{"line":141,"column":null}},"line":122},"14":{"name":"(anonymous_14)","decl":{"start":{"line":127,"column":16},"end":{"line":127,"column":21}},"loc":{"start":{"line":127,"column":27},"end":{"line":127,"column":79}},"line":127}},"branchMap":{"0":{"loc":{"start":{"line":6,"column":14},"end":{"line":6,"column":null}},"type":"binary-expr","locations":[{"start":{"line":6,"column":14},"end":{"line":6,"column":47}},{"start":{"line":6,"column":51},"end":{"line":6,"column":null}}],"line":6},"1":{"loc":{"start":{"line":113,"column":22},"end":{"line":115,"column":41}},"type":"cond-expr","locations":[{"start":{"line":114,"column":10},"end":{"line":114,"column":66}},{"start":{"line":115,"column":10},"end":{"line":115,"column":41}}],"line":113}},"s":{"0":7,"1":7,"2":0,"3":0,"4":0,"5":0,"6":0,"7":24,"8":12,"9":0,"10":0,"11":0,"12":0,"13":0,"14":0,"15":0,"16":0,"17":0,"18":0,"19":0,"20":0,"21":0,"22":0,"23":0},"f":{"0":7,"1":0,"2":0,"3":0,"4":0,"5":0,"6":24,"7":12,"8":0,"9":0,"10":0,"11":0,"12":0,"13":0,"14":0},"b":{"0":[7,7],"1":[0,0]},"meta":{"lastBranch":2,"lastFunction":15,"lastStatement":24,"seen":{"s:4:13:143:3":0,"f:4:24:4:39":0,"s:4:53:143:3":1,"b:6:14:6:47:6:51:6:Infinity":0,"f:87:2:87:12":1,"s:88:4:90:Infinity":2,"f:88:4:88:9":2,"s:88:20:89:Infinity":3,"f:94:2:94:15":3,"s:95:4:97:Infinity":4,"f:95:4:95:9":4,"s:95:20:96:Infinity":5,"f:96:29:96:37":5,"s:96:50:96:73":6,"f:101:2:101:18":6,"s:102:4:102:Infinity":7,"f:106:2:106:19":7,"s:107:4:107:Infinity":8,"f:111:2:111:21":8,"s:112:4:116:7":9,"f:112:4:112:9":9,"s:112:20:115:Infinity":10,"b:114:10:114:66:115:10:115:41":1,"f:113:43:113:49":10,"s:113:55:113:76":11,"f:114:31:114:39":11,"s:114:45:114:66":12,"f:119:2:119:23":12,"s:119:23:119:50":13,"f:122:2:122:26":13,"s:123:19:123:Infinity":14,"s:125:16:128:16":15,"f:127:16:127:21":14,"s:127:27:127:79":16,"s:130:17:130:54":17,"s:132:17:132:44":18,"s:134:4:134:Infinity":19,"s:136:4:136:Infinity":20,"s:138:4:138:Infinity":21,"s:140:4:140:Infinity":22,"s:141:4:141:Infinity":23}}}
,"E:\\Front\\react\\class-comp\\src\\styles\\styles.ts": {"path":"E:\\Front\\react\\class-comp\\src\\styles\\styles.ts","statementMap":{"0":{"start":{"line":2,"column":2},"end":{"line":2,"column":null}},"1":{"start":{"line":5,"column":2},"end":{"line":5,"column":null}},"2":{"start":{"line":7,"column":35},"end":{"line":7,"column":null}},"3":{"start":{"line":9,"column":24},"end":{"line":9,"column":null}},"4":{"start":{"line":11,"column":23},"end":{"line":11,"column":null}},"5":{"start":{"line":13,"column":23},"end":{"line":13,"column":null}},"6":{"start":{"line":15,"column":23},"end":{"line":15,"column":null}},"7":{"start":{"line":18,"column":2},"end":{"line":18,"column":null}},"8":{"start":{"line":20,"column":28},"end":{"line":20,"column":null}},"9":{"start":{"line":22,"column":26},"end":{"line":22,"column":null}},"10":{"start":{"line":25,"column":2},"end":{"line":25,"column":null}},"11":{"start":{"line":27,"column":26},"end":{"line":27,"column":null}},"12":{"start":{"line":29,"column":28},"end":{"line":29,"column":null}},"13":{"start":{"line":32,"column":2},"end":{"line":32,"column":null}},"14":{"start":{"line":35,"column":2},"end":{"line":35,"column":null}},"15":{"start":{"line":37,"column":27},"end":{"line":37,"column":null}},"16":{"start":{"line":39,"column":25},"end":{"line":39,"column":null}},"17":{"start":{"line":41,"column":23},"end":{"line":41,"column":null}},"18":{"start":{"line":44,"column":2},"end":{"line":44,"column":null}},"19":{"start":{"line":46,"column":26},"end":{"line":46,"column":null}},"20":{"start":{"line":48,"column":28},"end":{"line":48,"column":null}},"21":{"start":{"line":51,"column":2},"end":{"line":51,"column":null}},"22":{"start":{"line":54,"column":2},"end":{"line":54,"column":null}},"23":{"start":{"line":56,"column":28},"end":{"line":56,"column":null}},"24":{"start":{"line":58,"column":24},"end":{"line":58,"column":null}},"25":{"start":{"line":60,"column":26},"end":{"line":60,"column":null}},"26":{"start":{"line":63,"column":2},"end":{"line":63,"column":null}},"27":{"start":{"line":66,"column":2},"end":{"line":66,"column":null}},"28":{"start":{"line":68,"column":26},"end":{"line":68,"column":null}},"29":{"start":{"line":71,"column":2},"end":{"line":71,"column":null}},"30":{"start":{"line":73,"column":27},"end":{"line":73,"column":null}},"31":{"start":{"line":75,"column":32},"end":{"line":75,"column":null}},"32":{"start":{"line":77,"column":26},"end":{"line":77,"column":null}},"33":{"start":{"line":79,"column":25},"end":{"line":79,"column":null}},"34":{"start":{"line":81,"column":20},"end":{"line":81,"column":null}},"35":{"start":{"line":83,"column":21},"end":{"line":83,"column":null}},"36":{"start":{"line":85,"column":29},"end":{"line":85,"column":null}},"37":{"start":{"line":87,"column":27},"end":{"line":87,"column":null}},"38":{"start":{"line":89,"column":20},"end":{"line":89,"column":null}},"39":{"start":{"line":91,"column":27},"end":{"line":91,"column":null}},"40":{"start":{"line":94,"column":2},"end":{"line":94,"column":null}}},"fnMap":{},"branchMap":{},"s":{"0":9,"1":9,"2":9,"3":9,"4":9,"5":9,"6":9,"7":9,"8":9,"9":9,"10":9,"11":9,"12":9,"13":9,"14":9,"15":9,"16":9,"17":9,"18":9,"19":9,"20":9,"21":9,"22":9,"23":9,"24":9,"25":9,"26":9,"27":9,"28":9,"29":9,"30":9,"31":9,"32":9,"33":9,"34":9,"35":9,"36":9,"37":9,"38":9,"39":9,"40":9},"f":{},"b":{},"meta":{"lastBranch":0,"lastFunction":0,"lastStatement":41,"seen":{"s:2:2:2:Infinity":0,"s:5:2:5:Infinity":1,"s:7:35:7:Infinity":2,"s:9:24:9:Infinity":3,"s:11:23:11:Infinity":4,"s:13:23:13:Infinity":5,"s:15:23:15:Infinity":6,"s:18:2:18:Infinity":7,"s:20:28:20:Infinity":8,"s:22:26:22:Infinity":9,"s:25:2:25:Infinity":10,"s:27:26:27:Infinity":11,"s:29:28:29:Infinity":12,"s:32:2:32:Infinity":13,"s:35:2:35:Infinity":14,"s:37:27:37:Infinity":15,"s:39:25:39:Infinity":16,"s:41:23:41:Infinity":17,"s:44:2:44:Infinity":18,"s:46:26:46:Infinity":19,"s:48:28:48:Infinity":20,"s:51:2:51:Infinity":21,"s:54:2:54:Infinity":22,"s:56:28:56:Infinity":23,"s:58:24:58:Infinity":24,"s:60:26:60:Infinity":25,"s:63:2:63:Infinity":26,"s:66:2:66:Infinity":27,"s:68:26:68:Infinity":28,"s:71:2:71:Infinity":29,"s:73:27:73:Infinity":30,"s:75:32:75:Infinity":31,"s:77:26:77:Infinity":32,"s:79:25:79:Infinity":33,"s:81:20:81:Infinity":34,"s:83:21:83:Infinity":35,"s:85:29:85:Infinity":36,"s:87:27:87:Infinity":37,"s:89:20:89:Infinity":38,"s:91:27:91:Infinity":39,"s:94:2:94:Infinity":40}}}
,"E:\\Front\\react\\class-comp\\src\\ui\\btn.tsx": {"path":"E:\\Front\\react\\class-comp\\src\\ui\\btn.tsx","statementMap":{"0":{"start":{"line":4,"column":13},"end":{"line":13,"column":null}},"1":{"start":{"line":5,"column":2},"end":{"line":13,"column":null}}},"fnMap":{"0":{"name":"(anonymous_0)","decl":{"start":{"line":4,"column":13},"end":{"line":4,"column":20}},"loc":{"start":{"line":4,"column":69},"end":{"line":13,"column":null}},"line":4}},"branchMap":{"0":{"loc":{"start":{"line":8,"column":27},"end":{"line":8,"column":null}},"type":"cond-expr","locations":[{"start":{"line":8,"column":38},"end":{"line":8,"column":53}},{"start":{"line":8,"column":53},"end":{"line":8,"column":null}}],"line":8}},"s":{"0":8,"1":530},"f":{"0":530},"b":{"0":[128,402]},"meta":{"lastBranch":1,"lastFunction":1,"lastStatement":2,"seen":{"s:4:13:13:Infinity":0,"f:4:13:4:20":0,"s:5:2:13:Infinity":1,"b:8:38:8:53:8:53:8:Infinity":0}}}
,"E:\\Front\\react\\class-comp\\src\\ui\\inputSearch.tsx": {"path":"E:\\Front\\react\\class-comp\\src\\ui\\inputSearch.tsx","statementMap":{"0":{"start":{"line":10,"column":4},"end":{"line":16,"column":null}}},"fnMap":{"0":{"name":"(anonymous_0)","decl":{"start":{"line":9,"column":2},"end":{"line":9,"column":11}},"loc":{"start":{"line":9,"column":11},"end":{"line":16,"column":null}},"line":9}},"branchMap":{},"s":{"0":87},"f":{"0":87},"b":{},"meta":{"lastBranch":0,"lastFunction":1,"lastStatement":1,"seen":{"f:9:2:9:11":0,"s:10:4:16:Infinity":0}}}
,"E:\\Front\\react\\class-comp\\src\\utils\\imageHelpers.ts": {"path":"E:\\Front\\react\\class-comp\\src\\utils\\imageHelpers.ts","statementMap":{"0":{"start":{"line":2,"column":13},"end":{"line":19,"column":null}},"1":{"start":{"line":3,"column":2},"end":{"line":19,"column":null}},"2":{"start":{"line":5,"column":19},"end":{"line":5,"column":35}},"3":{"start":{"line":8,"column":4},"end":{"line":13,"column":null}},"4":{"start":{"line":10,"column":6},"end":{"line":13,"column":null}},"5":{"start":{"line":11,"column":8},"end":{"line":11,"column":null}},"6":{"start":{"line":13,"column":8},"end":{"line":13,"column":null}},"7":{"start":{"line":18,"column":4},"end":{"line":18,"column":null}}},"fnMap":{"0":{"name":"(anonymous_0)","decl":{"start":{"line":2,"column":13},"end":{"line":2,"column":29}},"loc":{"start":{"line":2,"column":64},"end":{"line":19,"column":null}},"line":2},"1":{"name":"(anonymous_1)","decl":{"start":{"line":3,"column":13},"end":{"line":3,"column":22}},"loc":{"start":{"line":3,"column":42},"end":{"line":19,"column":null}},"line":3},"2":{"name":"(anonymous_2)","decl":{"start":{"line":8,"column":11},"end":{"line":8,"column":29}},"loc":{"start":{"line":8,"column":29},"end":{"line":13,"column":null}},"line":8}},"branchMap":{"0":{"loc":{"start":{"line":10,"column":6},"end":{"line":13,"column":null}},"type":"if","locations":[{"start":{"line":10,"column":6},"end":{"line":13,"column":null}},{"start":{"line":12,"column":13},"end":{"line":13,"column":null}}],"line":10}},"s":{"0":4,"1":0,"2":0,"3":0,"4":0,"5":0,"6":0,"7":0},"f":{"0":0,"1":0,"2":0},"b":{"0":[0,0]},"meta":{"lastBranch":1,"lastFunction":3,"lastStatement":8,"seen":{"s:2:13:19:Infinity":0,"f:2:13:2:29":0,"s:3:2:19:Infinity":1,"f:3:13:3:22":1,"s:5:19:5:35":2,"s:8:4:13:Infinity":3,"f:8:11:8:29":2,"b:10:6:13:Infinity:12:13:13:Infinity":0,"s:10:6:13:Infinity":4,"s:11:8:11:Infinity":5,"s:13:8:13:Infinity":6,"s:18:4:18:Infinity":7}}}
,"E:\\Front\\react\\class-comp\\src\\utils\\passwordHelpers.ts": {"path":"E:\\Front\\react\\class-comp\\src\\utils\\passwordHelpers.ts","statementMap":{"0":{"start":{"line":2,"column":19},"end":{"line":2,"column":45}},"1":{"start":{"line":3,"column":23},"end":{"line":3,"column":52}},"2":{"start":{"line":4,"column":23},"end":{"line":4,"column":52}},"3":{"start":{"line":5,"column":21},"end":{"line":5,"column":55}},"4":{"start":{"line":7,"column":2},"end":{"line":7,"column":null}}},"fnMap":{"0":{"name":"checkPassword","decl":{"start":{"line":1,"column":16},"end":{"line":1,"column":30}},"loc":{"start":{"line":1,"column":55},"end":{"line":7,"column":null}},"line":1}},"branchMap":{},"s":{"0":0,"1":0,"2":0,"3":0,"4":0},"f":{"0":0},"b":{},"meta":{"lastBranch":0,"lastFunction":1,"lastStatement":5,"seen":{"f:1:16:1:30":0,"s:2:19:2:45":0,"s:3:23:3:52":1,"s:4:23:4:52":2,"s:5:21:5:55":3,"s:7:2:7:Infinity":4}}}
}
