{"E:\\Front\\react\\class-comp\\src\\App.tsx": {"path":"E:\\Front\\react\\class-comp\\src\\App.tsx","statementMap":{"0":{"start":{"line":7,"column":4},"end":{"line":10,"column":null}}},"fnMap":{"0":{"name":"(anonymous_0)","decl":{"start":{"line":6,"column":2},"end":{"line":6,"column":11}},"loc":{"start":{"line":6,"column":11},"end":{"line":10,"column":null}},"line":6}},"branchMap":{},"s":{"0":1},"f":{"0":1},"b":{},"meta":{"lastBranch":0,"lastFunction":1,"lastStatement":1,"seen":{"f:6:2:6:11":0,"s:7:4:10:Infinity":0}}}
,"E:\\Front\\react\\class-comp\\src\\requests.ts": {"path":"E:\\Front\\react\\class-comp\\src\\requests.ts","statementMap":{"0":{"start":{"line":3,"column":25},"end":{"line":3,"column":null}},"1":{"start":{"line":4,"column":22},"end":{"line":4,"column":null}},"2":{"start":{"line":5,"column":22},"end":{"line":5,"column":null}},"3":{"start":{"line":7,"column":17},"end":{"line":60,"column":null}},"4":{"start":{"line":9,"column":4},"end":{"line":9,"column":null}},"5":{"start":{"line":9,"column":35},"end":{"line":9,"column":60}},"6":{"start":{"line":10,"column":4},"end":{"line":15,"column":null}},"7":{"start":{"line":11,"column":24},"end":{"line":11,"column":78}},"8":{"start":{"line":13,"column":6},"end":{"line":13,"column":null}},"9":{"start":{"line":15,"column":6},"end":{"line":15,"column":null}},"10":{"start":{"line":20,"column":4},"end":{"line":20,"column":null}},"11":{"start":{"line":20,"column":35},"end":{"line":20,"column":60}},"12":{"start":{"line":22,"column":4},"end":{"line":36,"column":null}},"13":{"start":{"line":23,"column":23},"end":{"line":23,"column":54}},"14":{"start":{"line":25,"column":6},"end":{"line":29,"column":null}},"15":{"start":{"line":26,"column":8},"end":{"line":29,"column":null}},"16":{"start":{"line":32,"column":19},"end":{"line":32,"column":40}},"17":{"start":{"line":33,"column":6},"end":{"line":33,"column":null}},"18":{"start":{"line":35,"column":20},"end":{"line":35,"column":null}},"19":{"start":{"line":36,"column":6},"end":{"line":36,"column":null}},"20":{"start":{"line":41,"column":4},"end":{"line":41,"column":null}},"21":{"start":{"line":41,"column":35},"end":{"line":41,"column":60}},"22":{"start":{"line":43,"column":4},"end":{"line":57,"column":null}},"23":{"start":{"line":44,"column":23},"end":{"line":44,"column":54}},"24":{"start":{"line":46,"column":6},"end":{"line":50,"column":null}},"25":{"start":{"line":47,"column":8},"end":{"line":50,"column":null}},"26":{"start":{"line":53,"column":19},"end":{"line":53,"column":40}},"27":{"start":{"line":54,"column":6},"end":{"line":54,"column":null}},"28":{"start":{"line":56,"column":20},"end":{"line":56,"column":null}},"29":{"start":{"line":57,"column":6},"end":{"line":57,"column":null}}},"fnMap":{"0":{"name":"(anonymous_0)","decl":{"start":{"line":8,"column":8},"end":{"line":8,"column":21}},"loc":{"start":{"line":8,"column":43},"end":{"line":15,"column":null}},"line":8},"1":{"name":"(anonymous_1)","decl":{"start":{"line":9,"column":14},"end":{"line":9,"column":23}},"loc":{"start":{"line":9,"column":35},"end":{"line":9,"column":60}},"line":9},"2":{"name":"(anonymous_2)","decl":{"start":{"line":19,"column":8},"end":{"line":19,"column":23}},"loc":{"start":{"line":19,"column":23},"end":{"line":36,"column":null}},"line":19},"3":{"name":"(anonymous_3)","decl":{"start":{"line":20,"column":14},"end":{"line":20,"column":23}},"loc":{"start":{"line":20,"column":35},"end":{"line":20,"column":60}},"line":20},"4":{"name":"(anonymous_4)","decl":{"start":{"line":40,"column":8},"end":{"line":40,"column":30}},"loc":{"start":{"line":40,"column":30},"end":{"line":57,"column":null}},"line":40},"5":{"name":"(anonymous_5)","decl":{"start":{"line":41,"column":14},"end":{"line":41,"column":23}},"loc":{"start":{"line":41,"column":35},"end":{"line":41,"column":60}},"line":41}},"branchMap":{"0":{"loc":{"start":{"line":25,"column":6},"end":{"line":29,"column":null}},"type":"if","locations":[{"start":{"line":25,"column":6},"end":{"line":29,"column":null}},{"start":{},"end":{}}],"line":25},"1":{"loc":{"start":{"line":46,"column":6},"end":{"line":50,"column":null}},"type":"if","locations":[{"start":{"line":46,"column":6},"end":{"line":50,"column":null}},{"start":{},"end":{}}],"line":46}},"s":{"0":4,"1":4,"2":4,"3":4,"4":5,"5":5,"6":4,"7":4,"8":3,"9":1,"10":3,"11":3,"12":3,"13":3,"14":2,"15":1,"16":1,"17":1,"18":1,"19":1,"20":3,"21":3,"22":3,"23":3,"24":2,"25":1,"26":1,"27":1,"28":1,"29":1},"f":{"0":5,"1":5,"2":3,"3":3,"4":3,"5":3},"b":{"0":[1,1],"1":[1,1]},"meta":{"lastBranch":2,"lastFunction":6,"lastStatement":30,"seen":{"s:3:25:3:Infinity":0,"s:4:22:4:Infinity":1,"s:5:22:5:Infinity":2,"s:7:17:60:Infinity":3,"f:8:8:8:21":0,"s:9:4:9:Infinity":4,"f:9:14:9:23":1,"s:9:35:9:60":5,"s:10:4:15:Infinity":6,"s:11:24:11:78":7,"s:13:6:13:Infinity":8,"s:15:6:15:Infinity":9,"f:19:8:19:23":2,"s:20:4:20:Infinity":10,"f:20:14:20:23":3,"s:20:35:20:60":11,"s:22:4:36:Infinity":12,"s:23:23:23:54":13,"b:25:6:29:Infinity:undefined:undefined:undefined:undefined":0,"s:25:6:29:Infinity":14,"s:26:8:29:Infinity":15,"s:32:19:32:40":16,"s:33:6:33:Infinity":17,"s:35:20:35:Infinity":18,"s:36:6:36:Infinity":19,"f:40:8:40:30":4,"s:41:4:41:Infinity":20,"f:41:14:41:23":5,"s:41:35:41:60":21,"s:43:4:57:Infinity":22,"s:44:23:44:54":23,"b:46:6:50:Infinity:undefined:undefined:undefined:undefined":1,"s:46:6:50:Infinity":24,"s:47:8:50:Infinity":25,"s:53:19:53:40":26,"s:54:6:54:Infinity":27,"s:56:20:56:Infinity":28,"s:57:6:57:Infinity":29}}}
,"E:\\Front\\react\\class-comp\\src\\types.ts": {"path":"E:\\Front\\react\\class-comp\\src\\types.ts","statementMap":{},"fnMap":{},"branchMap":{},"s":{},"f":{},"b":{},"meta":{"lastBranch":0,"lastFunction":0,"lastStatement":0,"seen":{}}}
,"E:\\Front\\react\\class-comp\\src\\_tests_\\test-utils\\dataForTests.tsx": {"path":"E:\\Front\\react\\class-comp\\src\\_tests_\\test-utils\\dataForTests.tsx","statementMap":{"0":{"start":{"line":6,"column":22},"end":{"line":18,"column":null}},"1":{"start":{"line":22,"column":35},"end":{"line":35,"column":null}},"2":{"start":{"line":38,"column":43},"end":{"line":38,"column":45}},"3":{"start":{"line":40,"column":39},"end":{"line":65,"column":null}},"4":{"start":{"line":71,"column":2},"end":{"line":74,"column":null}},"5":{"start":{"line":76,"column":17},"end":{"line":76,"column":46}},"6":{"start":{"line":78,"column":2},"end":{"line":81,"column":null}},"7":{"start":{"line":88,"column":2},"end":{"line":88,"column":null}},"8":{"start":{"line":90,"column":17},"end":{"line":90,"column":46}},"9":{"start":{"line":92,"column":2},"end":{"line":92,"column":null}},"10":{"start":{"line":93,"column":2},"end":{"line":93,"column":null}},"11":{"start":{"line":100,"column":2},"end":{"line":104,"column":null}},"12":{"start":{"line":103,"column":23},"end":{"line":103,"column":46}},"13":{"start":{"line":106,"column":17},"end":{"line":106,"column":46}},"14":{"start":{"line":108,"column":2},"end":{"line":108,"column":null}},"15":{"start":{"line":112,"column":2},"end":{"line":116,"column":null}},"16":{"start":{"line":118,"column":17},"end":{"line":118,"column":57}},"17":{"start":{"line":120,"column":2},"end":{"line":120,"column":null}}},"fnMap":{"0":{"name":"testError404","decl":{"start":{"line":67,"column":22},"end":{"line":67,"column":null}},"loc":{"start":{"line":70,"column":2},"end":{"line":81,"column":null}},"line":70},"1":{"name":"tetsErrorNetwork","decl":{"start":{"line":84,"column":22},"end":{"line":84,"column":null}},"loc":{"start":{"line":87,"column":2},"end":{"line":93,"column":null}},"line":87},"2":{"name":"testSuccessResponse","decl":{"start":{"line":96,"column":22},"end":{"line":96,"column":null}},"loc":{"start":{"line":99,"column":2},"end":{"line":108,"column":null}},"line":99},"3":{"name":"(anonymous_3)","decl":{"start":{"line":103,"column":10},"end":{"line":103,"column":23}},"loc":{"start":{"line":103,"column":23},"end":{"line":103,"column":46}},"line":103},"4":{"name":"testGetAllPeople","decl":{"start":{"line":111,"column":22},"end":{"line":111,"column":39}},"loc":{"start":{"line":111,"column":77},"end":{"line":120,"column":null}},"line":111}},"branchMap":{},"s":{"0":3,"1":3,"2":3,"3":3,"4":2,"5":2,"6":2,"7":2,"8":2,"9":2,"10":2,"11":2,"12":2,"13":2,"14":2,"15":3,"16":3,"17":3},"f":{"0":2,"1":2,"2":2,"3":2,"4":3},"b":{},"meta":{"lastBranch":0,"lastFunction":5,"lastStatement":18,"seen":{"s:6:22:18:Infinity":0,"s:22:35:35:Infinity":1,"s:38:43:38:45":2,"s:40:39:65:Infinity":3,"f:67:22:67:Infinity":0,"s:71:2:74:Infinity":4,"s:76:17:76:46":5,"s:78:2:81:Infinity":6,"f:84:22:84:Infinity":1,"s:88:2:88:Infinity":7,"s:90:17:90:46":8,"s:92:2:92:Infinity":9,"s:93:2:93:Infinity":10,"f:96:22:96:Infinity":2,"s:100:2:104:Infinity":11,"f:103:10:103:23":3,"s:103:23:103:46":12,"s:106:17:106:46":13,"s:108:2:108:Infinity":14,"f:111:22:111:39":4,"s:112:2:116:Infinity":15,"s:118:17:118:57":16,"s:120:2:120:Infinity":17}}}
,"E:\\Front\\react\\class-comp\\src\\_tests_\\test-utils\\renderSearch.tsx": {"path":"E:\\Front\\react\\class-comp\\src\\_tests_\\test-utils\\renderSearch.tsx","statementMap":{"0":{"start":{"line":5,"column":23},"end":{"line":5,"column":30}},"1":{"start":{"line":6,"column":22},"end":{"line":6,"column":29}},"2":{"start":{"line":7,"column":16},"end":{"line":7,"column":null}},"3":{"start":{"line":9,"column":2},"end":{"line":17,"column":null}},"4":{"start":{"line":19,"column":2},"end":{"line":19,"column":null}}},"fnMap":{"0":{"name":"renderSearch","decl":{"start":{"line":4,"column":16},"end":{"line":4,"column":31}},"loc":{"start":{"line":4,"column":31},"end":{"line":19,"column":null}},"line":4}},"branchMap":{},"s":{"0":4,"1":4,"2":4,"3":4,"4":4},"f":{"0":4},"b":{},"meta":{"lastBranch":0,"lastFunction":1,"lastStatement":5,"seen":{"f:4:16:4:31":0,"s:5:23:5:30":0,"s:6:22:6:29":1,"s:7:16:7:Infinity":2,"s:9:2:17:Infinity":3,"s:19:2:19:Infinity":4}}}
,"E:\\Front\\react\\class-comp\\src\\components\\error\\errorBoundary.tsx": {"path":"E:\\Front\\react\\class-comp\\src\\components\\error\\errorBoundary.tsx","statementMap":{"0":{"start":{"line":9,"column":4},"end":{"line":9,"column":null}},"1":{"start":{"line":10,"column":4},"end":{"line":10,"column":null}},"2":{"start":{"line":14,"column":4},"end":{"line":14,"column":null}},"3":{"start":{"line":18,"column":4},"end":{"line":26,"column":null}},"4":{"start":{"line":19,"column":6},"end":{"line":23,"column":null}},"5":{"start":{"line":26,"column":6},"end":{"line":26,"column":null}}},"fnMap":{"0":{"name":"(anonymous_0)","decl":{"start":{"line":8,"column":2},"end":{"line":8,"column":14}},"loc":{"start":{"line":8,"column":33},"end":{"line":10,"column":null}},"line":8},"1":{"name":"(anonymous_1)","decl":{"start":{"line":13,"column":9},"end":{"line":13,"column":56}},"loc":{"start":{"line":13,"column":56},"end":{"line":14,"column":null}},"line":13},"2":{"name":"(anonymous_2)","decl":{"start":{"line":17,"column":2},"end":{"line":17,"column":22}},"loc":{"start":{"line":17,"column":22},"end":{"line":26,"column":null}},"line":17}},"branchMap":{"0":{"loc":{"start":{"line":18,"column":4},"end":{"line":26,"column":null}},"type":"if","locations":[{"start":{"line":18,"column":4},"end":{"line":26,"column":null}},{"start":{"line":25,"column":11},"end":{"line":26,"column":null}}],"line":18}},"s":{"0":17,"1":17,"2":4,"3":36,"4":4,"5":32},"f":{"0":17,"1":3,"2":36},"b":{"0":[4,32]},"meta":{"lastBranch":1,"lastFunction":3,"lastStatement":6,"seen":{"f:8:2:8:14":0,"s:9:4:9:Infinity":0,"s:10:4:10:Infinity":1,"f:13:9:13:56":1,"s:14:4:14:Infinity":2,"f:17:2:17:22":2,"b:18:4:26:Infinity:25:11:26:Infinity":0,"s:18:4:26:Infinity":3,"s:19:6:23:Infinity":4,"s:26:6:26:Infinity":5}}}
,"E:\\Front\\react\\class-comp\\src\\components\\error\\errorBtn.tsx": {"path":"E:\\Front\\react\\class-comp\\src\\components\\error\\errorBtn.tsx","statementMap":{"0":{"start":{"line":7,"column":52},"end":{"line":7,"column":null}},"1":{"start":{"line":9,"column":4},"end":{"line":14,"column":null}},"2":{"start":{"line":12,"column":27},"end":{"line":12,"column":45}}},"fnMap":{"0":{"name":"(anonymous_0)","decl":{"start":{"line":6,"column":2},"end":{"line":6,"column":11}},"loc":{"start":{"line":6,"column":11},"end":{"line":14,"column":null}},"line":6},"1":{"name":"(anonymous_1)","decl":{"start":{"line":12,"column":8},"end":{"line":12,"column":27}},"loc":{"start":{"line":12,"column":27},"end":{"line":12,"column":45}},"line":12}},"branchMap":{},"s":{"0":134,"1":134,"2":4},"f":{"0":134,"1":4},"b":{},"meta":{"lastBranch":0,"lastFunction":2,"lastStatement":3,"seen":{"f:6:2:6:11":0,"s:7:52:7:Infinity":0,"s:9:4:14:Infinity":1,"f:12:8:12:27":1,"s:12:27:12:45":2}}}
,"E:\\Front\\react\\class-comp\\src\\components\\loading\\loading.tsx": {"path":"E:\\Front\\react\\class-comp\\src\\components\\loading\\loading.tsx","statementMap":{"0":{"start":{"line":8,"column":10},"end":{"line":9,"column":null}},"1":{"start":{"line":12,"column":30},"end":{"line":12,"column":null}},"2":{"start":{"line":15,"column":4},"end":{"line":20,"column":null}},"3":{"start":{"line":16,"column":6},"end":{"line":19,"column":null}},"4":{"start":{"line":16,"column":31},"end":{"line":18,"column":null}},"5":{"start":{"line":24,"column":4},"end":{"line":24,"column":null}},"6":{"start":{"line":28,"column":4},"end":{"line":29,"column":null}},"7":{"start":{"line":29,"column":6},"end":{"line":29,"column":null}},"8":{"start":{"line":34,"column":18},"end":{"line":34,"column":74}},"9":{"start":{"line":34,"column":72},"end":{"line":34,"column":74}},"10":{"start":{"line":35,"column":4},"end":{"line":48,"column":null}},"11":{"start":{"line":38,"column":10},"end":{"line":45,"column":null}}},"fnMap":{"0":{"name":"(anonymous_0)","decl":{"start":{"line":14,"column":2},"end":{"line":14,"column":15}},"loc":{"start":{"line":14,"column":15},"end":{"line":20,"column":null}},"line":14},"1":{"name":"(anonymous_1)","decl":{"start":{"line":15,"column":22},"end":{"line":15,"column":40}},"loc":{"start":{"line":15,"column":40},"end":{"line":20,"column":11}},"line":15},"2":{"name":"(anonymous_2)","decl":{"start":{"line":16,"column":11},"end":{"line":16,"column":21}},"loc":{"start":{"line":16,"column":31},"end":{"line":18,"column":null}},"line":16},"3":{"name":"(anonymous_3)","decl":{"start":{"line":23,"column":2},"end":{"line":23,"column":28}},"loc":{"start":{"line":23,"column":28},"end":{"line":24,"column":null}},"line":23},"4":{"name":"(anonymous_4)","decl":{"start":{"line":27,"column":2},"end":{"line":27,"column":25}},"loc":{"start":{"line":27,"column":25},"end":{"line":29,"column":null}},"line":27},"5":{"name":"(anonymous_5)","decl":{"start":{"line":33,"column":2},"end":{"line":33,"column":11}},"loc":{"start":{"line":33,"column":11},"end":{"line":48,"column":null}},"line":33},"6":{"name":"(anonymous_6)","decl":{"start":{"line":34,"column":60},"end":{"line":34,"column":63}},"loc":{"start":{"line":34,"column":72},"end":{"line":34,"column":74}},"line":34},"7":{"name":"(anonymous_7)","decl":{"start":{"line":37,"column":15},"end":{"line":37,"column":20}},"loc":{"start":{"line":37,"column":33},"end":{"line":45,"column":null}},"line":37}},"branchMap":{"0":{"loc":{"start":{"line":18,"column":10},"end":{"line":18,"column":null}},"type":"cond-expr","locations":[{"start":{"line":18,"column":55},"end":{"line":18,"column":59}},{"start":{"line":18,"column":59},"end":{"line":18,"column":null}}],"line":18},"1":{"loc":{"start":{"line":28,"column":4},"end":{"line":29,"column":null}},"type":"if","locations":[{"start":{"line":28,"column":4},"end":{"line":29,"column":null}},{"start":{},"end":{}}],"line":28},"2":{"loc":{"start":{"line":43,"column":16},"end":{"line":43,"column":null}},"type":"cond-expr","locations":[{"start":{"line":43,"column":49},"end":{"line":43,"column":65}},{"start":{"line":43,"column":65},"end":{"line":43,"column":null}}],"line":43}},"s":{"0":15,"1":15,"2":15,"3":21,"4":21,"5":15,"6":15,"7":15,"8":36,"9":268,"10":36,"11":268},"f":{"0":15,"1":21,"2":21,"3":15,"4":15,"5":36,"6":268,"7":268},"b":{"0":[3,18],"1":[15,0],"2":[36,232]},"meta":{"lastBranch":3,"lastFunction":8,"lastStatement":12,"seen":{"s:8:10:9:Infinity":0,"s:12:30:12:Infinity":1,"f:14:2:14:15":0,"s:15:4:20:Infinity":2,"f:15:22:15:40":1,"s:16:6:19:Infinity":3,"f:16:11:16:21":2,"s:16:31:18:Infinity":4,"b:18:55:18:59:18:59:18:Infinity":0,"f:23:2:23:28":3,"s:24:4:24:Infinity":5,"f:27:2:27:25":4,"b:28:4:29:Infinity:undefined:undefined:undefined:undefined":1,"s:28:4:29:Infinity":6,"s:29:6:29:Infinity":7,"f:33:2:33:11":5,"s:34:18:34:74":8,"f:34:60:34:63":6,"s:34:72:34:74":9,"s:35:4:48:Infinity":10,"f:37:15:37:20":7,"s:38:10:45:Infinity":11,"b:43:49:43:65:43:65:43:Infinity":2}}}
,"E:\\Front\\react\\class-comp\\src\\components\\result-bottom\\results.tsx": {"path":"E:\\Front\\react\\class-comp\\src\\components\\result-bottom\\results.tsx","statementMap":{"0":{"start":{"line":11,"column":4},"end":{"line":21,"column":null}}},"fnMap":{"0":{"name":"(anonymous_0)","decl":{"start":{"line":10,"column":2},"end":{"line":10,"column":11}},"loc":{"start":{"line":10,"column":11},"end":{"line":21,"column":null}},"line":10}},"branchMap":{"0":{"loc":{"start":{"line":13,"column":9},"end":{"line":19,"column":null}},"type":"cond-expr","locations":[{"start":{"line":14,"column":10},"end":{"line":19,"column":11}},{"start":{"line":19,"column":10},"end":{"line":19,"column":null}}],"line":13}},"s":{"0":31},"f":{"0":31},"b":{"0":[3,28]},"meta":{"lastBranch":1,"lastFunction":1,"lastStatement":1,"seen":{"f:10:2:10:11":0,"s:11:4:21:Infinity":0,"b:14:10:19:11:19:10:19:Infinity":0}}}
,"E:\\Front\\react\\class-comp\\src\\components\\result-bottom\\tableresult.tsx": {"path":"E:\\Front\\react\\class-comp\\src\\components\\result-bottom\\tableresult.tsx","statementMap":{"0":{"start":{"line":12,"column":4},"end":{"line":30,"column":null}},"1":{"start":{"line":20,"column":10},"end":{"line":28,"column":null}}},"fnMap":{"0":{"name":"(anonymous_0)","decl":{"start":{"line":11,"column":2},"end":{"line":11,"column":11}},"loc":{"start":{"line":11,"column":11},"end":{"line":30,"column":null}},"line":11},"1":{"name":"(anonymous_1)","decl":{"start":{"line":19,"column":28},"end":{"line":19,"column":33}},"loc":{"start":{"line":19,"column":46},"end":{"line":30,"column":null}},"line":19}},"branchMap":{},"s":{"0":31,"1":6},"f":{"0":31,"1":6},"b":{},"meta":{"lastBranch":0,"lastFunction":2,"lastStatement":2,"seen":{"f:11:2:11:11":0,"s:12:4:30:Infinity":0,"f:19:28:19:33":1,"s:20:10:28:Infinity":1}}}
,"E:\\Front\\react\\class-comp\\src\\components\\search-top\\search.tsx": {"path":"E:\\Front\\react\\class-comp\\src\\components\\search-top\\search.tsx","statementMap":{"0":{"start":{"line":9,"column":68},"end":{"line":9,"column":null}},"1":{"start":{"line":11,"column":4},"end":{"line":27,"column":null}},"2":{"start":{"line":15,"column":27},"end":{"line":15,"column":45}},"3":{"start":{"line":22,"column":31},"end":{"line":22,"column":49}}},"fnMap":{"0":{"name":"(anonymous_0)","decl":{"start":{"line":8,"column":2},"end":{"line":8,"column":11}},"loc":{"start":{"line":8,"column":11},"end":{"line":27,"column":null}},"line":8},"1":{"name":"(anonymous_1)","decl":{"start":{"line":15,"column":10},"end":{"line":15,"column":21}},"loc":{"start":{"line":15,"column":27},"end":{"line":15,"column":45}},"line":15},"2":{"name":"(anonymous_2)","decl":{"start":{"line":22,"column":12},"end":{"line":22,"column":31}},"loc":{"start":{"line":22,"column":31},"end":{"line":22,"column":49}},"line":22}},"branchMap":{},"s":{"0":48,"1":48,"2":5,"3":5},"f":{"0":48,"1":5,"2":5},"b":{},"meta":{"lastBranch":0,"lastFunction":3,"lastStatement":4,"seen":{"f:8:2:8:11":0,"s:9:68:9:Infinity":0,"s:11:4:27:Infinity":1,"f:15:10:15:21":1,"s:15:27:15:45":2,"f:22:12:22:31":2,"s:22:31:22:49":3}}}
,"E:\\Front\\react\\class-comp\\src\\pages\\mainPage.tsx": {"path":"E:\\Front\\react\\class-comp\\src\\pages\\mainPage.tsx","statementMap":{"0":{"start":{"line":12,"column":10},"end":{"line":18,"column":null}},"1":{"start":{"line":20,"column":19},"end":{"line":45,"column":null}},"2":{"start":{"line":49,"column":23},"end":{"line":62,"column":null}},"3":{"start":{"line":65,"column":18},"end":{"line":86,"column":null}},"4":{"start":{"line":89,"column":22},"end":{"line":111,"column":null}},"5":{"start":{"line":127,"column":2},"end":{"line":129,"column":null}},"6":{"start":{"line":21,"column":22},"end":{"line":21,"column":null}},"7":{"start":{"line":23,"column":4},"end":{"line":26,"column":null}},"8":{"start":{"line":28,"column":4},"end":{"line":45,"column":null}},"9":{"start":{"line":32,"column":6},"end":{"line":32,"column":null}},"10":{"start":{"line":33,"column":6},"end":{"line":33,"column":null}},"11":{"start":{"line":35,"column":6},"end":{"line":35,"column":null}},"12":{"start":{"line":36,"column":6},"end":{"line":36,"column":null}},"13":{"start":{"line":38,"column":24},"end":{"line":38,"column":62}},"14":{"start":{"line":39,"column":6},"end":{"line":43,"column":null}},"15":{"start":{"line":45,"column":6},"end":{"line":45,"column":null}},"16":{"start":{"line":51,"column":4},"end":{"line":51,"column":null}},"17":{"start":{"line":53,"column":4},"end":{"line":53,"column":null}},"18":{"start":{"line":53,"column":35},"end":{"line":53,"column":60}},"19":{"start":{"line":55,"column":4},"end":{"line":62,"column":null}},"20":{"start":{"line":66,"column":4},"end":{"line":66,"column":null}},"21":{"start":{"line":67,"column":21},"end":{"line":67,"column":50}},"22":{"start":{"line":69,"column":4},"end":{"line":83,"column":null}},"23":{"start":{"line":70,"column":6},"end":{"line":76,"column":null}},"24":{"start":{"line":80,"column":6},"end":{"line":83,"column":null}},"25":{"start":{"line":86,"column":4},"end":{"line":86,"column":null}},"26":{"start":{"line":90,"column":4},"end":{"line":90,"column":null}},"27":{"start":{"line":91,"column":25},"end":{"line":91,"column":61}},"28":{"start":{"line":94,"column":4},"end":{"line":108,"column":null}},"29":{"start":{"line":95,"column":6},"end":{"line":101,"column":null}},"30":{"start":{"line":105,"column":6},"end":{"line":108,"column":null}},"31":{"start":{"line":111,"column":4},"end":{"line":111,"column":null}},"32":{"start":{"line":115,"column":21},"end":{"line":121,"column":null}},"33":{"start":{"line":116,"column":21},"end":{"line":116,"column":71}},"34":{"start":{"line":118,"column":6},"end":{"line":118,"column":null}},"35":{"start":{"line":120,"column":6},"end":{"line":120,"column":null}},"36":{"start":{"line":121,"column":6},"end":{"line":121,"column":null}},"37":{"start":{"line":124,"column":4},"end":{"line":124,"column":null}},"38":{"start":{"line":128,"column":18},"end":{"line":128,"column":null}},"39":{"start":{"line":129,"column":4},"end":{"line":129,"column":null}},"40":{"start":{"line":133,"column":4},"end":{"line":167,"column":null}}},"fnMap":{"0":{"name":"(anonymous_0)","decl":{"start":{"line":20,"column":19},"end":{"line":20,"column":26}},"loc":{"start":{"line":20,"column":51},"end":{"line":45,"column":null}},"line":20},"1":{"name":"(anonymous_1)","decl":{"start":{"line":49,"column":23},"end":{"line":49,"column":35}},"loc":{"start":{"line":49,"column":35},"end":{"line":62,"column":null}},"line":49},"2":{"name":"(anonymous_2)","decl":{"start":{"line":53,"column":14},"end":{"line":53,"column":23}},"loc":{"start":{"line":53,"column":35},"end":{"line":53,"column":60}},"line":53},"3":{"name":"(anonymous_3)","decl":{"start":{"line":65,"column":18},"end":{"line":65,"column":30}},"loc":{"start":{"line":65,"column":30},"end":{"line":86,"column":null}},"line":65},"4":{"name":"(anonymous_4)","decl":{"start":{"line":89,"column":22},"end":{"line":89,"column":34}},"loc":{"start":{"line":89,"column":34},"end":{"line":111,"column":null}},"line":89},"5":{"name":"(anonymous_5)","decl":{"start":{"line":114,"column":2},"end":{"line":114,"column":22}},"loc":{"start":{"line":114,"column":22},"end":{"line":124,"column":null}},"line":114},"6":{"name":"(anonymous_6)","decl":{"start":{"line":115,"column":21},"end":{"line":115,"column":33}},"loc":{"start":{"line":115,"column":33},"end":{"line":121,"column":null}},"line":115},"7":{"name":"(anonymous_7)","decl":{"start":{"line":127,"column":2},"end":{"line":127,"column":22}},"loc":{"start":{"line":127,"column":65},"end":{"line":129,"column":null}},"line":127},"8":{"name":"(anonymous_8)","decl":{"start":{"line":132,"column":2},"end":{"line":132,"column":11}},"loc":{"start":{"line":132,"column":11},"end":{"line":167,"column":null}},"line":132}},"branchMap":{"0":{"loc":{"start":{"line":13,"column":16},"end":{"line":13,"column":null}},"type":"binary-expr","locations":[{"start":{"line":13,"column":16},"end":{"line":13,"column":49}},{"start":{"line":13,"column":53},"end":{"line":13,"column":null}}],"line":13},"1":{"loc":{"start":{"line":21,"column":22},"end":{"line":21,"column":null}},"type":"binary-expr","locations":[{"start":{"line":21,"column":22},"end":{"line":21,"column":35}},{"start":{"line":21,"column":39},"end":{"line":21,"column":null}}],"line":21},"2":{"loc":{"start":{"line":28,"column":4},"end":{"line":45,"column":null}},"type":"if","locations":[{"start":{"line":28,"column":4},"end":{"line":45,"column":null}},{"start":{"line":34,"column":11},"end":{"line":45,"column":null}}],"line":28},"3":{"loc":{"start":{"line":29,"column":6},"end":{"line":30,"column":null}},"type":"binary-expr","locations":[{"start":{"line":29,"column":6},"end":{"line":29,"column":71}},{"start":{"line":30,"column":6},"end":{"line":30,"column":null}}],"line":29},"4":{"loc":{"start":{"line":69,"column":4},"end":{"line":83,"column":null}},"type":"if","locations":[{"start":{"line":69,"column":4},"end":{"line":83,"column":null}},{"start":{"line":79,"column":11},"end":{"line":83,"column":null}}],"line":69},"5":{"loc":{"start":{"line":94,"column":4},"end":{"line":108,"column":null}},"type":"if","locations":[{"start":{"line":94,"column":4},"end":{"line":108,"column":null}},{"start":{"line":104,"column":11},"end":{"line":108,"column":null}}],"line":94},"6":{"loc":{"start":{"line":143,"column":9},"end":{"line":148,"column":null}},"type":"cond-expr","locations":[{"start":{"line":144,"column":10},"end":{"line":146,"column":11}},{"start":{"line":146,"column":10},"end":{"line":148,"column":null}}],"line":143}},"s":{"0":8,"1":4,"2":1,"3":1,"4":1,"5":16,"6":4,"7":4,"8":4,"9":1,"10":1,"11":3,"12":3,"13":3,"14":3,"15":3,"16":1,"17":1,"18":1,"19":1,"20":1,"21":1,"22":1,"23":1,"24":0,"25":1,"26":1,"27":1,"28":1,"29":1,"30":0,"31":1,"32":8,"33":8,"34":7,"35":7,"36":7,"37":8,"38":16,"39":16,"40":44},"f":{"0":4,"1":1,"2":1,"3":1,"4":1,"5":8,"6":8,"7":16,"8":44},"b":{"0":[8,7],"1":[4,1],"2":[1,3],"3":[4,1],"4":[1,0],"5":[1,0],"6":[14,30]},"meta":{"lastBranch":7,"lastFunction":9,"lastStatement":41,"seen":{"s:12:10:18:Infinity":0,"s:20:19:45:Infinity":1,"s:49:23:62:Infinity":2,"s:65:18:86:Infinity":3,"s:89:22:111:Infinity":4,"s:127:2:129:Infinity":5,"b:13:16:13:49:13:53:13:Infinity":0,"f:20:19:20:26":0,"s:21:22:21:Infinity":6,"b:21:22:21:35:21:39:21:Infinity":1,"s:23:4:26:Infinity":7,"b:28:4:45:Infinity:34:11:45:Infinity":2,"s:28:4:45:Infinity":8,"b:29:6:29:71:30:6:30:Infinity":3,"s:32:6:32:Infinity":9,"s:33:6:33:Infinity":10,"s:35:6:35:Infinity":11,"s:36:6:36:Infinity":12,"s:38:24:38:62":13,"s:39:6:43:Infinity":14,"s:45:6:45:Infinity":15,"f:49:23:49:35":1,"s:51:4:51:Infinity":16,"s:53:4:53:Infinity":17,"f:53:14:53:23":2,"s:53:35:53:60":18,"s:55:4:62:Infinity":19,"f:65:18:65:30":3,"s:66:4:66:Infinity":20,"s:67:21:67:50":21,"b:69:4:83:Infinity:79:11:83:Infinity":4,"s:69:4:83:Infinity":22,"s:70:6:76:Infinity":23,"s:80:6:83:Infinity":24,"s:86:4:86:Infinity":25,"f:89:22:89:34":4,"s:90:4:90:Infinity":26,"s:91:25:91:61":27,"b:94:4:108:Infinity:104:11:108:Infinity":5,"s:94:4:108:Infinity":28,"s:95:6:101:Infinity":29,"s:105:6:108:Infinity":30,"s:111:4:111:Infinity":31,"f:114:2:114:22":5,"s:115:21:121:Infinity":32,"f:115:21:115:33":6,"s:116:21:116:71":33,"s:118:6:118:Infinity":34,"s:120:6:120:Infinity":35,"s:121:6:121:Infinity":36,"s:124:4:124:Infinity":37,"f:127:2:127:22":7,"s:128:18:128:Infinity":38,"s:129:4:129:Infinity":39,"f:132:2:132:11":8,"s:133:4:167:Infinity":40,"b:144:10:146:11:146:10:148:Infinity":6}}}
,"E:\\Front\\react\\class-comp\\src\\styles\\styles.ts": {"path":"E:\\Front\\react\\class-comp\\src\\styles\\styles.ts","statementMap":{"0":{"start":{"line":1,"column":19},"end":{"line":1,"column":null}},"1":{"start":{"line":4,"column":2},"end":{"line":4,"column":null}},"2":{"start":{"line":7,"column":2},"end":{"line":7,"column":null}},"3":{"start":{"line":9,"column":28},"end":{"line":9,"column":null}},"4":{"start":{"line":11,"column":26},"end":{"line":11,"column":null}},"5":{"start":{"line":14,"column":2},"end":{"line":14,"column":null}},"6":{"start":{"line":16,"column":26},"end":{"line":16,"column":null}},"7":{"start":{"line":18,"column":28},"end":{"line":18,"column":null}},"8":{"start":{"line":20,"column":28},"end":{"line":20,"column":null}},"9":{"start":{"line":23,"column":2},"end":{"line":23,"column":null}},"10":{"start":{"line":25,"column":27},"end":{"line":25,"column":null}},"11":{"start":{"line":27,"column":25},"end":{"line":27,"column":null}},"12":{"start":{"line":29,"column":23},"end":{"line":29,"column":null}},"13":{"start":{"line":32,"column":2},"end":{"line":32,"column":null}},"14":{"start":{"line":34,"column":26},"end":{"line":34,"column":null}},"15":{"start":{"line":36,"column":28},"end":{"line":36,"column":null}}},"fnMap":{},"branchMap":{},"s":{"0":7,"1":7,"2":7,"3":7,"4":7,"5":7,"6":7,"7":7,"8":7,"9":7,"10":7,"11":7,"12":7,"13":7,"14":7,"15":7},"f":{},"b":{},"meta":{"lastBranch":0,"lastFunction":0,"lastStatement":16,"seen":{"s:1:19:1:Infinity":0,"s:4:2:4:Infinity":1,"s:7:2:7:Infinity":2,"s:9:28:9:Infinity":3,"s:11:26:11:Infinity":4,"s:14:2:14:Infinity":5,"s:16:26:16:Infinity":6,"s:18:28:18:Infinity":7,"s:20:28:20:Infinity":8,"s:23:2:23:Infinity":9,"s:25:27:25:Infinity":10,"s:27:25:27:Infinity":11,"s:29:23:29:Infinity":12,"s:32:2:32:Infinity":13,"s:34:26:34:Infinity":14,"s:36:28:36:Infinity":15}}}
,"E:\\Front\\react\\class-comp\\src\\ui\\btn.tsx": {"path":"E:\\Front\\react\\class-comp\\src\\ui\\btn.tsx","statementMap":{"0":{"start":{"line":7,"column":47},"end":{"line":7,"column":null}},"1":{"start":{"line":9,"column":4},"end":{"line":17,"column":null}}},"fnMap":{"0":{"name":"(anonymous_0)","decl":{"start":{"line":6,"column":2},"end":{"line":6,"column":28}},"loc":{"start":{"line":6,"column":28},"end":{"line":17,"column":null}},"line":6}},"branchMap":{"0":{"loc":{"start":{"line":12,"column":34},"end":{"line":12,"column":null}},"type":"cond-expr","locations":[{"start":{"line":12,"column":56},"end":{"line":12,"column":71}},{"start":{"line":12,"column":71},"end":{"line":12,"column":null}}],"line":12}},"s":{"0":182,"1":182},"f":{"0":182},"b":{"0":[56,126]},"meta":{"lastBranch":1,"lastFunction":1,"lastStatement":2,"seen":{"f:6:2:6:28":0,"s:7:47:7:Infinity":0,"s:9:4:17:Infinity":1,"b:12:56:12:71:12:71:12:Infinity":0}}}
,"E:\\Front\\react\\class-comp\\src\\ui\\inputSearch.tsx": {"path":"E:\\Front\\react\\class-comp\\src\\ui\\inputSearch.tsx","statementMap":{"0":{"start":{"line":10,"column":4},"end":{"line":16,"column":null}}},"fnMap":{"0":{"name":"(anonymous_0)","decl":{"start":{"line":9,"column":2},"end":{"line":9,"column":11}},"loc":{"start":{"line":9,"column":11},"end":{"line":16,"column":null}},"line":9}},"branchMap":{},"s":{"0":48},"f":{"0":48},"b":{},"meta":{"lastBranch":0,"lastFunction":1,"lastStatement":1,"seen":{"f:9:2:9:11":0,"s:10:4:16:Infinity":0}}}
}
